Running test with user benwafdy
-- Generating ;/home/benwafdy/aesd-assignments/assignment-autotest/test/assignment1/Test_hello_Runner.c;/home/benwafdy/aesd-assignments/assignment-autotest/test/assignment1/Test_assignment_validate_Runner.c;/home/benwafdy/aesd-assignments/assignment-autotest/../student-test/assignment1/Test_validate_username_Runner.c from test/assignment1/Test_hello.c;test/assignment1/Test_assignment_validate.c;../student-test/assignment1/Test_validate_username.c
-- Building executable including ;/home/benwafdy/aesd-assignments/assignment-autotest/test/assignment1/Test_hello_Runner.c;/home/benwafdy/aesd-assignments/assignment-autotest/test/assignment1/Test_assignment_validate_Runner.c;/home/benwafdy/aesd-assignments/assignment-autotest/../student-test/assignment1/Test_validate_username_Runner.c test/assignment1/Test_hello.c;test/assignment1/Test_assignment_validate.c;../student-test/assignment1/Test_validate_username.c and ../examples/autotest-validate/autotest-validate.c
-- Configuring done
-- Generating done
-- Build files have been written to: /home/benwafdy/aesd-assignments/build
[  8%] Building C object assignment-autotest/Unity/src/CMakeFiles/unity.dir/unity.c.o
[ 16%] Linking C static library libunity.a
[ 16%] Built target unity
[ 25%] Generating ../../assignment-autotest/test/assignment1/Test_hello_Runner.c, ../../assignment-autotest/test/assignment1/Test_assignment_validate_Runner.c, ../../student-test/assignment1/Test_validate_username_Runner.c, ../../assignment-autotest/test/unity_runner.c
Test files for auto dependency generation test/assignment1/Test_hello.c test/assignment1/Test_assignment_validate.c ../student-test/assignment1/Test_validate_username.c
Autogenerating runner for test/assignment1/Test_hello.c
Autogenerating runner for test/assignment1/Test_assignment_validate.c
Autogenerating runner for ../student-test/assignment1/Test_validate_username.c
Autogenerating test/unity_runner.c
[ 33%] Building C object assignment-autotest/CMakeFiles/assignment-autotest.dir/test/assignment1/Test_hello.c.o
[ 41%] Building C object assignment-autotest/CMakeFiles/assignment-autotest.dir/test/assignment1/Test_assignment_validate.c.o
[ 50%] Building C object assignment-autotest/CMakeFiles/assignment-autotest.dir/__/student-test/assignment1/Test_validate_username.c.o
[ 58%] Building C object assignment-autotest/CMakeFiles/assignment-autotest.dir/test/assignment1/Test_hello_Runner.c.o
[ 66%] Building C object assignment-autotest/CMakeFiles/assignment-autotest.dir/test/assignment1/Test_assignment_validate_Runner.c.o
[ 75%] Building C object assignment-autotest/CMakeFiles/assignment-autotest.dir/__/student-test/assignment1/Test_validate_username_Runner.c.o
[ 83%] Building C object assignment-autotest/CMakeFiles/assignment-autotest.dir/__/examples/autotest-validate/autotest-validate.c.o
[ 91%] Building C object assignment-autotest/CMakeFiles/assignment-autotest.dir/test/unity_runner.c.o
[100%] Linking C executable assignment-autotest
[100%] Built target assignment-autotest
/home/benwafdy/aesd-assignments/assignment-autotest/test/assignment1/Test_hello.c:6:test_hello:INFO: Hello!  Your unity setup is working!
/home/benwafdy/aesd-assignments/assignment-autotest/test/assignment1/Test_hello.c:4:test_hello:PASS

-----------------------
1 Tests 0 Failures 0 Ignored 
OK
/home/benwafdy/aesd-assignments/assignment-autotest/test/assignment1/Test_assignment_validate.c:9:test_assignment_validate:PASS

-----------------------
1 Tests 0 Failures 0 Ignored 
OK
Read AhmedAdelWafdy7 from conf/username.txt
/home/benwafdy/aesd-assignments/assignment-autotest/../student-test/assignment1/Test_validate_username.c:15:test_validate_my_username:PASS

-----------------------
1 Tests 0 Failures 0 Ignored 
OK
Executing assignment test script
~/aesd-assignments/assignment-autotest/test/assignment1 ~/aesd-assignments
~/aesd-assignments/finder-app ~/aesd-assignments/assignment-autotest/test/assignment1 ~/aesd-assignments
Not all parameters were given!
Not all parameters were given!
Using default value AELD_IS_FUN for string to write
Using default value 10 for number of files to write
Writing 10 files containing string AELD_IS_FUN to /tmp/aeld-data
Content written to /tmp/aeld-data/AhmedAdelWafdy71.txt:
AELD_IS_FUN
[0;31mValidation Error:finder-test.sh execution for default directory failed with return code 1[0m
Writing 10 files containing string AELD_IS_FUN to /tmp/aeld-data/Hb52NYCfFXrPYufohy4xja9v0DfKAGUd
Content written to /tmp/aeld-data/Hb52NYCfFXrPYufohy4xja9v0DfKAGUd/AhmedAdelWafdy71.txt:
AELD_IS_FUN
[0;31mValidation Error:finder-test.sh execution for random directory failed with return code 1[0m
Validation failed with error list :finder-test.sh execution for default directory failed with return code 1:finder-test.sh execution for random directory failed with return code 1
Test of assignment assignment1 failed with rc=1
Running test with user benwafdy
-- Generating ;/home/benwafdy/aesd-assignments/assignment-autotest/test/assignment1/Test_hello_Runner.c;/home/benwafdy/aesd-assignments/assignment-autotest/test/assignment1/Test_assignment_validate_Runner.c;/home/benwafdy/aesd-assignments/assignment-autotest/../student-test/assignment1/Test_validate_username_Runner.c from test/assignment1/Test_hello.c;test/assignment1/Test_assignment_validate.c;../student-test/assignment1/Test_validate_username.c
-- Building executable including ;/home/benwafdy/aesd-assignments/assignment-autotest/test/assignment1/Test_hello_Runner.c;/home/benwafdy/aesd-assignments/assignment-autotest/test/assignment1/Test_assignment_validate_Runner.c;/home/benwafdy/aesd-assignments/assignment-autotest/../student-test/assignment1/Test_validate_username_Runner.c test/assignment1/Test_hello.c;test/assignment1/Test_assignment_validate.c;../student-test/assignment1/Test_validate_username.c and ../examples/autotest-validate/autotest-validate.c
-- Configuring done
-- Generating done
-- Build files have been written to: /home/benwafdy/aesd-assignments/build
[  8%] Building C object assignment-autotest/Unity/src/CMakeFiles/unity.dir/unity.c.o
[ 16%] Linking C static library libunity.a
[ 16%] Built target unity
[ 25%] Generating ../../assignment-autotest/test/assignment1/Test_hello_Runner.c, ../../assignment-autotest/test/assignment1/Test_assignment_validate_Runner.c, ../../student-test/assignment1/Test_validate_username_Runner.c, ../../assignment-autotest/test/unity_runner.c
Test files for auto dependency generation test/assignment1/Test_hello.c test/assignment1/Test_assignment_validate.c ../student-test/assignment1/Test_validate_username.c
Autogenerating runner for test/assignment1/Test_hello.c
Autogenerating runner for test/assignment1/Test_assignment_validate.c
Autogenerating runner for ../student-test/assignment1/Test_validate_username.c
Autogenerating test/unity_runner.c
[ 33%] Building C object assignment-autotest/CMakeFiles/assignment-autotest.dir/test/assignment1/Test_hello.c.o
[ 41%] Building C object assignment-autotest/CMakeFiles/assignment-autotest.dir/test/assignment1/Test_assignment_validate.c.o
[ 50%] Building C object assignment-autotest/CMakeFiles/assignment-autotest.dir/__/student-test/assignment1/Test_validate_username.c.o
[ 58%] Building C object assignment-autotest/CMakeFiles/assignment-autotest.dir/test/assignment1/Test_hello_Runner.c.o
[ 66%] Building C object assignment-autotest/CMakeFiles/assignment-autotest.dir/test/assignment1/Test_assignment_validate_Runner.c.o
[ 75%] Building C object assignment-autotest/CMakeFiles/assignment-autotest.dir/__/student-test/assignment1/Test_validate_username_Runner.c.o
[ 83%] Building C object assignment-autotest/CMakeFiles/assignment-autotest.dir/__/examples/autotest-validate/autotest-validate.c.o
[ 91%] Building C object assignment-autotest/CMakeFiles/assignment-autotest.dir/test/unity_runner.c.o
[100%] Linking C executable assignment-autotest
[100%] Built target assignment-autotest
/home/benwafdy/aesd-assignments/assignment-autotest/test/assignment1/Test_hello.c:6:test_hello:INFO: Hello!  Your unity setup is working!
/home/benwafdy/aesd-assignments/assignment-autotest/test/assignment1/Test_hello.c:4:test_hello:PASS

-----------------------
1 Tests 0 Failures 0 Ignored 
OK
/home/benwafdy/aesd-assignments/assignment-autotest/test/assignment1/Test_assignment_validate.c:9:test_assignment_validate:PASS

-----------------------
1 Tests 0 Failures 0 Ignored 
OK
Read AhmedAdelWafdy7 from conf/username.txt
/home/benwafdy/aesd-assignments/assignment-autotest/../student-test/assignment1/Test_validate_username.c:15:test_validate_my_username:PASS

-----------------------
1 Tests 0 Failures 0 Ignored 
OK
Executing assignment test script
~/aesd-assignments/assignment-autotest/test/assignment1 ~/aesd-assignments
~/aesd-assignments/finder-app ~/aesd-assignments/assignment-autotest/test/assignment1 ~/aesd-assignments
Not all parameters were given!
Not all parameters were given!
Using default value AELD_IS_FUN for string to write
Using default value 10 for number of files to write
Writing 10 files containing string AELD_IS_FUN to /tmp/aeld-data
Content written to /tmp/aeld-data/AhmedAdelWafdy71.txt:
AELD_IS_FUN
[0;31mValidation Error:finder-test.sh execution for default directory failed with return code 1[0m
Writing 10 files containing string AELD_IS_FUN to /tmp/aeld-data/1ee2AQOuHY3qR7OsNx0mdatXNt77nd7T
Content written to /tmp/aeld-data/1ee2AQOuHY3qR7OsNx0mdatXNt77nd7T/AhmedAdelWafdy71.txt:
AELD_IS_FUN
[0;31mValidation Error:finder-test.sh execution for random directory failed with return code 1[0m
Validation failed with error list :finder-test.sh execution for default directory failed with return code 1:finder-test.sh execution for random directory failed with return code 1
Test of assignment assignment1 failed with rc=1
Running test with user benwafdy
-- Generating ;/home/benwafdy/aesd-assignments/assignment-autotest/test/assignment1/Test_hello_Runner.c;/home/benwafdy/aesd-assignments/assignment-autotest/test/assignment1/Test_assignment_validate_Runner.c;/home/benwafdy/aesd-assignments/assignment-autotest/../student-test/assignment1/Test_validate_username_Runner.c from test/assignment1/Test_hello.c;test/assignment1/Test_assignment_validate.c;../student-test/assignment1/Test_validate_username.c
-- Building executable including ;/home/benwafdy/aesd-assignments/assignment-autotest/test/assignment1/Test_hello_Runner.c;/home/benwafdy/aesd-assignments/assignment-autotest/test/assignment1/Test_assignment_validate_Runner.c;/home/benwafdy/aesd-assignments/assignment-autotest/../student-test/assignment1/Test_validate_username_Runner.c test/assignment1/Test_hello.c;test/assignment1/Test_assignment_validate.c;../student-test/assignment1/Test_validate_username.c and ../examples/autotest-validate/autotest-validate.c
-- Configuring done
-- Generating done
-- Build files have been written to: /home/benwafdy/aesd-assignments/build
[  8%] Building C object assignment-autotest/Unity/src/CMakeFiles/unity.dir/unity.c.o
[ 16%] Linking C static library libunity.a
[ 16%] Built target unity
[ 25%] Generating ../../assignment-autotest/test/assignment1/Test_hello_Runner.c, ../../assignment-autotest/test/assignment1/Test_assignment_validate_Runner.c, ../../student-test/assignment1/Test_validate_username_Runner.c, ../../assignment-autotest/test/unity_runner.c
Test files for auto dependency generation test/assignment1/Test_hello.c test/assignment1/Test_assignment_validate.c ../student-test/assignment1/Test_validate_username.c
Autogenerating runner for test/assignment1/Test_hello.c
Autogenerating runner for test/assignment1/Test_assignment_validate.c
Autogenerating runner for ../student-test/assignment1/Test_validate_username.c
Autogenerating test/unity_runner.c
[ 33%] Building C object assignment-autotest/CMakeFiles/assignment-autotest.dir/test/assignment1/Test_hello.c.o
[ 41%] Building C object assignment-autotest/CMakeFiles/assignment-autotest.dir/test/assignment1/Test_assignment_validate.c.o
[ 50%] Building C object assignment-autotest/CMakeFiles/assignment-autotest.dir/__/student-test/assignment1/Test_validate_username.c.o
[ 58%] Building C object assignment-autotest/CMakeFiles/assignment-autotest.dir/test/assignment1/Test_hello_Runner.c.o
[ 66%] Building C object assignment-autotest/CMakeFiles/assignment-autotest.dir/test/assignment1/Test_assignment_validate_Runner.c.o
[ 75%] Building C object assignment-autotest/CMakeFiles/assignment-autotest.dir/__/student-test/assignment1/Test_validate_username_Runner.c.o
[ 83%] Building C object assignment-autotest/CMakeFiles/assignment-autotest.dir/__/examples/autotest-validate/autotest-validate.c.o
[ 91%] Building C object assignment-autotest/CMakeFiles/assignment-autotest.dir/test/unity_runner.c.o
[100%] Linking C executable assignment-autotest
[100%] Built target assignment-autotest
/home/benwafdy/aesd-assignments/assignment-autotest/test/assignment1/Test_hello.c:6:test_hello:INFO: Hello!  Your unity setup is working!
/home/benwafdy/aesd-assignments/assignment-autotest/test/assignment1/Test_hello.c:4:test_hello:PASS

-----------------------
1 Tests 0 Failures 0 Ignored 
OK
/home/benwafdy/aesd-assignments/assignment-autotest/test/assignment1/Test_assignment_validate.c:9:test_assignment_validate:PASS

-----------------------
1 Tests 0 Failures 0 Ignored 
OK
Read AhmedAdelWafdy7 from conf/username.txt
/home/benwafdy/aesd-assignments/assignment-autotest/../student-test/assignment1/Test_validate_username.c:15:test_validate_my_username:PASS

-----------------------
1 Tests 0 Failures 0 Ignored 
OK
Executing assignment test script
~/aesd-assignments/assignment-autotest/test/assignment1 ~/aesd-assignments
~/aesd-assignments/finder-app ~/aesd-assignments/assignment-autotest/test/assignment1 ~/aesd-assignments
Error: Both file path and string to write must be specified.
Error: Both file path and string to write must be specified.
Using default value AELD_IS_FUN for string to write
Using default value 10 for number of files to write
Writing 10 files containing string AELD_IS_FUN to /tmp/aeld-data
File created successfully: /tmp/aeld-data/AhmedAdelWafdy71.txt
File created successfully: /tmp/aeld-data/AhmedAdelWafdy72.txt
File created successfully: /tmp/aeld-data/AhmedAdelWafdy73.txt
File created successfully: /tmp/aeld-data/AhmedAdelWafdy74.txt
File created successfully: /tmp/aeld-data/AhmedAdelWafdy75.txt
File created successfully: /tmp/aeld-data/AhmedAdelWafdy76.txt
File created successfully: /tmp/aeld-data/AhmedAdelWafdy77.txt
File created successfully: /tmp/aeld-data/AhmedAdelWafdy78.txt
File created successfully: /tmp/aeld-data/AhmedAdelWafdy79.txt
File created successfully: /tmp/aeld-data/AhmedAdelWafdy710.txt
failed: expected  The number of files are 10 and the number of matching lines are 10 in The number of files containing the search string 'AELD_IS_FUN' is: 10
The total number of matching lines found is: 10 but instead found
[0;31mValidation Error:finder-test.sh execution for default directory failed with return code 1[0m
Writing 10 files containing string AELD_IS_FUN to /tmp/aeld-data/OowWYNYR9BAoAtIjOGIOTUr6UojUunn8
File created successfully: /tmp/aeld-data/OowWYNYR9BAoAtIjOGIOTUr6UojUunn8/AhmedAdelWafdy71.txt
File created successfully: /tmp/aeld-data/OowWYNYR9BAoAtIjOGIOTUr6UojUunn8/AhmedAdelWafdy72.txt
File created successfully: /tmp/aeld-data/OowWYNYR9BAoAtIjOGIOTUr6UojUunn8/AhmedAdelWafdy73.txt
File created successfully: /tmp/aeld-data/OowWYNYR9BAoAtIjOGIOTUr6UojUunn8/AhmedAdelWafdy74.txt
File created successfully: /tmp/aeld-data/OowWYNYR9BAoAtIjOGIOTUr6UojUunn8/AhmedAdelWafdy75.txt
File created successfully: /tmp/aeld-data/OowWYNYR9BAoAtIjOGIOTUr6UojUunn8/AhmedAdelWafdy76.txt
File created successfully: /tmp/aeld-data/OowWYNYR9BAoAtIjOGIOTUr6UojUunn8/AhmedAdelWafdy77.txt
File created successfully: /tmp/aeld-data/OowWYNYR9BAoAtIjOGIOTUr6UojUunn8/AhmedAdelWafdy78.txt
File created successfully: /tmp/aeld-data/OowWYNYR9BAoAtIjOGIOTUr6UojUunn8/AhmedAdelWafdy79.txt
File created successfully: /tmp/aeld-data/OowWYNYR9BAoAtIjOGIOTUr6UojUunn8/AhmedAdelWafdy710.txt
failed: expected  The number of files are 10 and the number of matching lines are 10 in The number of files containing the search string 'AELD_IS_FUN' is: 10
The total number of matching lines found is: 10 but instead found
[0;31mValidation Error:finder-test.sh execution for random directory failed with return code 1[0m
Validation failed with error list :finder-test.sh execution for default directory failed with return code 1:finder-test.sh execution for random directory failed with return code 1
Test of assignment assignment1 failed with rc=1
Running test with user benwafdy
-- Generating ;/home/benwafdy/aesd-assignments/assignment-autotest/test/assignment1/Test_hello_Runner.c;/home/benwafdy/aesd-assignments/assignment-autotest/test/assignment1/Test_assignment_validate_Runner.c;/home/benwafdy/aesd-assignments/assignment-autotest/../student-test/assignment1/Test_validate_username_Runner.c from test/assignment1/Test_hello.c;test/assignment1/Test_assignment_validate.c;../student-test/assignment1/Test_validate_username.c
-- Building executable including ;/home/benwafdy/aesd-assignments/assignment-autotest/test/assignment1/Test_hello_Runner.c;/home/benwafdy/aesd-assignments/assignment-autotest/test/assignment1/Test_assignment_validate_Runner.c;/home/benwafdy/aesd-assignments/assignment-autotest/../student-test/assignment1/Test_validate_username_Runner.c test/assignment1/Test_hello.c;test/assignment1/Test_assignment_validate.c;../student-test/assignment1/Test_validate_username.c and ../examples/autotest-validate/autotest-validate.c
-- Configuring done
-- Generating done
-- Build files have been written to: /home/benwafdy/aesd-assignments/build
[  8%] Building C object assignment-autotest/Unity/src/CMakeFiles/unity.dir/unity.c.o
[ 16%] Linking C static library libunity.a
[ 16%] Built target unity
[ 25%] Generating ../../assignment-autotest/test/assignment1/Test_hello_Runner.c, ../../assignment-autotest/test/assignment1/Test_assignment_validate_Runner.c, ../../student-test/assignment1/Test_validate_username_Runner.c, ../../assignment-autotest/test/unity_runner.c
Test files for auto dependency generation test/assignment1/Test_hello.c test/assignment1/Test_assignment_validate.c ../student-test/assignment1/Test_validate_username.c
Autogenerating runner for test/assignment1/Test_hello.c
Autogenerating runner for test/assignment1/Test_assignment_validate.c
Autogenerating runner for ../student-test/assignment1/Test_validate_username.c
Autogenerating test/unity_runner.c
[ 33%] Building C object assignment-autotest/CMakeFiles/assignment-autotest.dir/test/assignment1/Test_hello.c.o
[ 41%] Building C object assignment-autotest/CMakeFiles/assignment-autotest.dir/test/assignment1/Test_assignment_validate.c.o
[ 50%] Building C object assignment-autotest/CMakeFiles/assignment-autotest.dir/__/student-test/assignment1/Test_validate_username.c.o
[ 58%] Building C object assignment-autotest/CMakeFiles/assignment-autotest.dir/test/assignment1/Test_hello_Runner.c.o
[ 66%] Building C object assignment-autotest/CMakeFiles/assignment-autotest.dir/test/assignment1/Test_assignment_validate_Runner.c.o
[ 75%] Building C object assignment-autotest/CMakeFiles/assignment-autotest.dir/__/student-test/assignment1/Test_validate_username_Runner.c.o
[ 83%] Building C object assignment-autotest/CMakeFiles/assignment-autotest.dir/__/examples/autotest-validate/autotest-validate.c.o
[ 91%] Building C object assignment-autotest/CMakeFiles/assignment-autotest.dir/test/unity_runner.c.o
[100%] Linking C executable assignment-autotest
[100%] Built target assignment-autotest
/home/benwafdy/aesd-assignments/assignment-autotest/test/assignment1/Test_hello.c:6:test_hello:INFO: Hello!  Your unity setup is working!
/home/benwafdy/aesd-assignments/assignment-autotest/test/assignment1/Test_hello.c:4:test_hello:PASS

-----------------------
1 Tests 0 Failures 0 Ignored 
OK
/home/benwafdy/aesd-assignments/assignment-autotest/test/assignment1/Test_assignment_validate.c:9:test_assignment_validate:PASS

-----------------------
1 Tests 0 Failures 0 Ignored 
OK
Read AhmedAdelWafdy7 from conf/username.txt
/home/benwafdy/aesd-assignments/assignment-autotest/../student-test/assignment1/Test_validate_username.c:15:test_validate_my_username:PASS

-----------------------
1 Tests 0 Failures 0 Ignored 
OK
Executing assignment test script
~/aesd-assignments/assignment-autotest/test/assignment1 ~/aesd-assignments
~/aesd-assignments/finder-app ~/aesd-assignments/assignment-autotest/test/assignment1 ~/aesd-assignments
Error: Both file path and string to write must be specified.
Error: Both file path and string to write must be specified.
Using default value AELD_IS_FUN for string to write
Using default value 10 for number of files to write
Writing 10 files containing string AELD_IS_FUN to /tmp/aeld-data
File created successfully: /tmp/aeld-data/AhmedAdelWafdy71.txt
File created successfully: /tmp/aeld-data/AhmedAdelWafdy72.txt
File created successfully: /tmp/aeld-data/AhmedAdelWafdy73.txt
File created successfully: /tmp/aeld-data/AhmedAdelWafdy74.txt
File created successfully: /tmp/aeld-data/AhmedAdelWafdy75.txt
File created successfully: /tmp/aeld-data/AhmedAdelWafdy76.txt
File created successfully: /tmp/aeld-data/AhmedAdelWafdy77.txt
File created successfully: /tmp/aeld-data/AhmedAdelWafdy78.txt
File created successfully: /tmp/aeld-data/AhmedAdelWafdy79.txt
File created successfully: /tmp/aeld-data/AhmedAdelWafdy710.txt
failed: expected  The number of files are 10 and the number of matching lines are 10 in The number of files containing the search string 'AELD_IS_FUN' is: 10
The total number of matching lines found is: 10 but instead found
[0;31mValidation Error:finder-test.sh execution for default directory failed with return code 1[0m
Writing 10 files containing string AELD_IS_FUN to /tmp/aeld-data/AgzaUWpxaxEJ6FBPiu2EgPJJqeQL2Xmi
File created successfully: /tmp/aeld-data/AgzaUWpxaxEJ6FBPiu2EgPJJqeQL2Xmi/AhmedAdelWafdy71.txt
File created successfully: /tmp/aeld-data/AgzaUWpxaxEJ6FBPiu2EgPJJqeQL2Xmi/AhmedAdelWafdy72.txt
File created successfully: /tmp/aeld-data/AgzaUWpxaxEJ6FBPiu2EgPJJqeQL2Xmi/AhmedAdelWafdy73.txt
File created successfully: /tmp/aeld-data/AgzaUWpxaxEJ6FBPiu2EgPJJqeQL2Xmi/AhmedAdelWafdy74.txt
File created successfully: /tmp/aeld-data/AgzaUWpxaxEJ6FBPiu2EgPJJqeQL2Xmi/AhmedAdelWafdy75.txt
File created successfully: /tmp/aeld-data/AgzaUWpxaxEJ6FBPiu2EgPJJqeQL2Xmi/AhmedAdelWafdy76.txt
File created successfully: /tmp/aeld-data/AgzaUWpxaxEJ6FBPiu2EgPJJqeQL2Xmi/AhmedAdelWafdy77.txt
File created successfully: /tmp/aeld-data/AgzaUWpxaxEJ6FBPiu2EgPJJqeQL2Xmi/AhmedAdelWafdy78.txt
File created successfully: /tmp/aeld-data/AgzaUWpxaxEJ6FBPiu2EgPJJqeQL2Xmi/AhmedAdelWafdy79.txt
File created successfully: /tmp/aeld-data/AgzaUWpxaxEJ6FBPiu2EgPJJqeQL2Xmi/AhmedAdelWafdy710.txt
failed: expected  The number of files are 10 and the number of matching lines are 10 in The number of files containing the search string 'AELD_IS_FUN' is: 10
The total number of matching lines found is: 10 but instead found
[0;31mValidation Error:finder-test.sh execution for random directory failed with return code 1[0m
Validation failed with error list :finder-test.sh execution for default directory failed with return code 1:finder-test.sh execution for random directory failed with return code 1
Test of assignment assignment1 failed with rc=1
Running test with user benwafdy
-- Generating ;/home/benwafdy/aesd-assignments/assignment-autotest/test/assignment1/Test_hello_Runner.c;/home/benwafdy/aesd-assignments/assignment-autotest/test/assignment1/Test_assignment_validate_Runner.c;/home/benwafdy/aesd-assignments/assignment-autotest/../student-test/assignment1/Test_validate_username_Runner.c from test/assignment1/Test_hello.c;test/assignment1/Test_assignment_validate.c;../student-test/assignment1/Test_validate_username.c
-- Building executable including ;/home/benwafdy/aesd-assignments/assignment-autotest/test/assignment1/Test_hello_Runner.c;/home/benwafdy/aesd-assignments/assignment-autotest/test/assignment1/Test_assignment_validate_Runner.c;/home/benwafdy/aesd-assignments/assignment-autotest/../student-test/assignment1/Test_validate_username_Runner.c test/assignment1/Test_hello.c;test/assignment1/Test_assignment_validate.c;../student-test/assignment1/Test_validate_username.c and ../examples/autotest-validate/autotest-validate.c
-- Configuring done
-- Generating done
-- Build files have been written to: /home/benwafdy/aesd-assignments/build
[  8%] Building C object assignment-autotest/Unity/src/CMakeFiles/unity.dir/unity.c.o
[ 16%] Linking C static library libunity.a
[ 16%] Built target unity
[ 25%] Generating ../../assignment-autotest/test/assignment1/Test_hello_Runner.c, ../../assignment-autotest/test/assignment1/Test_assignment_validate_Runner.c, ../../student-test/assignment1/Test_validate_username_Runner.c, ../../assignment-autotest/test/unity_runner.c
Test files for auto dependency generation test/assignment1/Test_hello.c test/assignment1/Test_assignment_validate.c ../student-test/assignment1/Test_validate_username.c
Autogenerating runner for test/assignment1/Test_hello.c
Autogenerating runner for test/assignment1/Test_assignment_validate.c
Autogenerating runner for ../student-test/assignment1/Test_validate_username.c
Autogenerating test/unity_runner.c
[ 33%] Building C object assignment-autotest/CMakeFiles/assignment-autotest.dir/test/assignment1/Test_hello.c.o
[ 41%] Building C object assignment-autotest/CMakeFiles/assignment-autotest.dir/test/assignment1/Test_assignment_validate.c.o
[ 50%] Building C object assignment-autotest/CMakeFiles/assignment-autotest.dir/__/student-test/assignment1/Test_validate_username.c.o
[ 58%] Building C object assignment-autotest/CMakeFiles/assignment-autotest.dir/test/assignment1/Test_hello_Runner.c.o
[ 66%] Building C object assignment-autotest/CMakeFiles/assignment-autotest.dir/test/assignment1/Test_assignment_validate_Runner.c.o
[ 75%] Building C object assignment-autotest/CMakeFiles/assignment-autotest.dir/__/student-test/assignment1/Test_validate_username_Runner.c.o
[ 83%] Building C object assignment-autotest/CMakeFiles/assignment-autotest.dir/__/examples/autotest-validate/autotest-validate.c.o
[ 91%] Building C object assignment-autotest/CMakeFiles/assignment-autotest.dir/test/unity_runner.c.o
[100%] Linking C executable assignment-autotest
[100%] Built target assignment-autotest
/home/benwafdy/aesd-assignments/assignment-autotest/test/assignment1/Test_hello.c:6:test_hello:INFO: Hello!  Your unity setup is working!
/home/benwafdy/aesd-assignments/assignment-autotest/test/assignment1/Test_hello.c:4:test_hello:PASS

-----------------------
1 Tests 0 Failures 0 Ignored 
OK
/home/benwafdy/aesd-assignments/assignment-autotest/test/assignment1/Test_assignment_validate.c:9:test_assignment_validate:PASS

-----------------------
1 Tests 0 Failures 0 Ignored 
OK
Read AhmedAdelWafdy7 from conf/username.txt
/home/benwafdy/aesd-assignments/assignment-autotest/../student-test/assignment1/Test_validate_username.c:15:test_validate_my_username:PASS

-----------------------
1 Tests 0 Failures 0 Ignored 
OK
Executing assignment test script
~/aesd-assignments/assignment-autotest/test/assignment1 ~/aesd-assignments
~/aesd-assignments/finder-app ~/aesd-assignments/assignment-autotest/test/assignment1 ~/aesd-assignments
Using default value AELD_IS_FUN for string to write
Using default value 10 for number of files to write
Writing 10 files containing string AELD_IS_FUN to /tmp/aeld-data
./writer.sh: 8: cannot create /tmp/aeld-data/AhmedAdelWafdy71.txt: Directory nonexistent
./writer.sh: 8: cannot create /tmp/aeld-data/AhmedAdelWafdy72.txt: Directory nonexistent
./writer.sh: 8: cannot create /tmp/aeld-data/AhmedAdelWafdy73.txt: Directory nonexistent
./writer.sh: 8: cannot create /tmp/aeld-data/AhmedAdelWafdy74.txt: Directory nonexistent
./writer.sh: 8: cannot create /tmp/aeld-data/AhmedAdelWafdy75.txt: Directory nonexistent
./writer.sh: 8: cannot create /tmp/aeld-data/AhmedAdelWafdy76.txt: Directory nonexistent
./writer.sh: 8: cannot create /tmp/aeld-data/AhmedAdelWafdy77.txt: Directory nonexistent
./writer.sh: 8: cannot create /tmp/aeld-data/AhmedAdelWafdy78.txt: Directory nonexistent
./writer.sh: 8: cannot create /tmp/aeld-data/AhmedAdelWafdy79.txt: Directory nonexistent
./writer.sh: 8: cannot create /tmp/aeld-data/AhmedAdelWafdy710.txt: Directory nonexistent
[0;31mValidation Error:finder-test.sh execution for default directory failed with return code 1[0m
Writing 10 files containing string AELD_IS_FUN to /tmp/aeld-data/M5uXX6oV25lFxssNWnAeoywg6RI0iWgu
./writer.sh: 8: cannot create /tmp/aeld-data/M5uXX6oV25lFxssNWnAeoywg6RI0iWgu/AhmedAdelWafdy71.txt: Directory nonexistent
./writer.sh: 8: cannot create /tmp/aeld-data/M5uXX6oV25lFxssNWnAeoywg6RI0iWgu/AhmedAdelWafdy72.txt: Directory nonexistent
./writer.sh: 8: cannot create /tmp/aeld-data/M5uXX6oV25lFxssNWnAeoywg6RI0iWgu/AhmedAdelWafdy73.txt: Directory nonexistent
./writer.sh: 8: cannot create /tmp/aeld-data/M5uXX6oV25lFxssNWnAeoywg6RI0iWgu/AhmedAdelWafdy74.txt: Directory nonexistent
./writer.sh: 8: cannot create /tmp/aeld-data/M5uXX6oV25lFxssNWnAeoywg6RI0iWgu/AhmedAdelWafdy75.txt: Directory nonexistent
./writer.sh: 8: cannot create /tmp/aeld-data/M5uXX6oV25lFxssNWnAeoywg6RI0iWgu/AhmedAdelWafdy76.txt: Directory nonexistent
./writer.sh: 8: cannot create /tmp/aeld-data/M5uXX6oV25lFxssNWnAeoywg6RI0iWgu/AhmedAdelWafdy77.txt: Directory nonexistent
./writer.sh: 8: cannot create /tmp/aeld-data/M5uXX6oV25lFxssNWnAeoywg6RI0iWgu/AhmedAdelWafdy78.txt: Directory nonexistent
./writer.sh: 8: cannot create /tmp/aeld-data/M5uXX6oV25lFxssNWnAeoywg6RI0iWgu/AhmedAdelWafdy79.txt: Directory nonexistent
./writer.sh: 8: cannot create /tmp/aeld-data/M5uXX6oV25lFxssNWnAeoywg6RI0iWgu/AhmedAdelWafdy710.txt: Directory nonexistent
[0;31mValidation Error:finder-test.sh execution for random directory failed with return code 1[0m
Validation failed with error list :finder-test.sh execution for default directory failed with return code 1:finder-test.sh execution for random directory failed with return code 1
Test of assignment assignment1 failed with rc=1
Running test with user benwafdy
-- Generating ;/home/benwafdy/aesd-assignments/assignment-autotest/test/assignment1/Test_hello_Runner.c;/home/benwafdy/aesd-assignments/assignment-autotest/test/assignment1/Test_assignment_validate_Runner.c;/home/benwafdy/aesd-assignments/assignment-autotest/../student-test/assignment1/Test_validate_username_Runner.c from test/assignment1/Test_hello.c;test/assignment1/Test_assignment_validate.c;../student-test/assignment1/Test_validate_username.c
-- Building executable including ;/home/benwafdy/aesd-assignments/assignment-autotest/test/assignment1/Test_hello_Runner.c;/home/benwafdy/aesd-assignments/assignment-autotest/test/assignment1/Test_assignment_validate_Runner.c;/home/benwafdy/aesd-assignments/assignment-autotest/../student-test/assignment1/Test_validate_username_Runner.c test/assignment1/Test_hello.c;test/assignment1/Test_assignment_validate.c;../student-test/assignment1/Test_validate_username.c and ../examples/autotest-validate/autotest-validate.c
-- Configuring done
-- Generating done
-- Build files have been written to: /home/benwafdy/aesd-assignments/build
[  8%] Building C object assignment-autotest/Unity/src/CMakeFiles/unity.dir/unity.c.o
[ 16%] Linking C static library libunity.a
[ 16%] Built target unity
[ 25%] Generating ../../assignment-autotest/test/assignment1/Test_hello_Runner.c, ../../assignment-autotest/test/assignment1/Test_assignment_validate_Runner.c, ../../student-test/assignment1/Test_validate_username_Runner.c, ../../assignment-autotest/test/unity_runner.c
Test files for auto dependency generation test/assignment1/Test_hello.c test/assignment1/Test_assignment_validate.c ../student-test/assignment1/Test_validate_username.c
Autogenerating runner for test/assignment1/Test_hello.c
Autogenerating runner for test/assignment1/Test_assignment_validate.c
Autogenerating runner for ../student-test/assignment1/Test_validate_username.c
Autogenerating test/unity_runner.c
[ 33%] Building C object assignment-autotest/CMakeFiles/assignment-autotest.dir/test/assignment1/Test_hello.c.o
[ 41%] Building C object assignment-autotest/CMakeFiles/assignment-autotest.dir/test/assignment1/Test_assignment_validate.c.o
[ 50%] Building C object assignment-autotest/CMakeFiles/assignment-autotest.dir/__/student-test/assignment1/Test_validate_username.c.o
[ 58%] Building C object assignment-autotest/CMakeFiles/assignment-autotest.dir/test/assignment1/Test_hello_Runner.c.o
[ 66%] Building C object assignment-autotest/CMakeFiles/assignment-autotest.dir/test/assignment1/Test_assignment_validate_Runner.c.o
[ 75%] Building C object assignment-autotest/CMakeFiles/assignment-autotest.dir/__/student-test/assignment1/Test_validate_username_Runner.c.o
[ 83%] Building C object assignment-autotest/CMakeFiles/assignment-autotest.dir/__/examples/autotest-validate/autotest-validate.c.o
[ 91%] Building C object assignment-autotest/CMakeFiles/assignment-autotest.dir/test/unity_runner.c.o
[100%] Linking C executable assignment-autotest
[100%] Built target assignment-autotest
/home/benwafdy/aesd-assignments/assignment-autotest/test/assignment1/Test_hello.c:6:test_hello:INFO: Hello!  Your unity setup is working!
/home/benwafdy/aesd-assignments/assignment-autotest/test/assignment1/Test_hello.c:4:test_hello:PASS

-----------------------
1 Tests 0 Failures 0 Ignored 
OK
/home/benwafdy/aesd-assignments/assignment-autotest/test/assignment1/Test_assignment_validate.c:9:test_assignment_validate:PASS

-----------------------
1 Tests 0 Failures 0 Ignored 
OK
Read AhmedAdelWafdy7 from conf/username.txt
/home/benwafdy/aesd-assignments/assignment-autotest/../student-test/assignment1/Test_validate_username.c:15:test_validate_my_username:PASS

-----------------------
1 Tests 0 Failures 0 Ignored 
OK
Executing assignment test script
~/aesd-assignments/assignment-autotest/test/assignment1 ~/aesd-assignments
~/aesd-assignments/finder-app ~/aesd-assignments/assignment-autotest/test/assignment1 ~/aesd-assignments
Using default value AELD_IS_FUN for string to write
Using default value 10 for number of files to write
Writing 10 files containing string AELD_IS_FUN to /tmp/aeld-data
./writer.sh: 8: cannot create /tmp/aeld-data/AhmedAdelWafdy71.txt: Directory nonexistent
./writer.sh: 8: cannot create /tmp/aeld-data/AhmedAdelWafdy72.txt: Directory nonexistent
./writer.sh: 8: cannot create /tmp/aeld-data/AhmedAdelWafdy73.txt: Directory nonexistent
./writer.sh: 8: cannot create /tmp/aeld-data/AhmedAdelWafdy74.txt: Directory nonexistent
./writer.sh: 8: cannot create /tmp/aeld-data/AhmedAdelWafdy75.txt: Directory nonexistent
./writer.sh: 8: cannot create /tmp/aeld-data/AhmedAdelWafdy76.txt: Directory nonexistent
./writer.sh: 8: cannot create /tmp/aeld-data/AhmedAdelWafdy77.txt: Directory nonexistent
./writer.sh: 8: cannot create /tmp/aeld-data/AhmedAdelWafdy78.txt: Directory nonexistent
./writer.sh: 8: cannot create /tmp/aeld-data/AhmedAdelWafdy79.txt: Directory nonexistent
./writer.sh: 8: cannot create /tmp/aeld-data/AhmedAdelWafdy710.txt: Directory nonexistent
[0;31mValidation Error:finder-test.sh execution for default directory failed with return code 1[0m
Writing 10 files containing string AELD_IS_FUN to /tmp/aeld-data/GebsBrFOH1LOm63FQpyPYroRw3QzziQ0
./writer.sh: 8: cannot create /tmp/aeld-data/GebsBrFOH1LOm63FQpyPYroRw3QzziQ0/AhmedAdelWafdy71.txt: Directory nonexistent
./writer.sh: 8: cannot create /tmp/aeld-data/GebsBrFOH1LOm63FQpyPYroRw3QzziQ0/AhmedAdelWafdy72.txt: Directory nonexistent
./writer.sh: 8: cannot create /tmp/aeld-data/GebsBrFOH1LOm63FQpyPYroRw3QzziQ0/AhmedAdelWafdy73.txt: Directory nonexistent
./writer.sh: 8: cannot create /tmp/aeld-data/GebsBrFOH1LOm63FQpyPYroRw3QzziQ0/AhmedAdelWafdy74.txt: Directory nonexistent
./writer.sh: 8: cannot create /tmp/aeld-data/GebsBrFOH1LOm63FQpyPYroRw3QzziQ0/AhmedAdelWafdy75.txt: Directory nonexistent
./writer.sh: 8: cannot create /tmp/aeld-data/GebsBrFOH1LOm63FQpyPYroRw3QzziQ0/AhmedAdelWafdy76.txt: Directory nonexistent
./writer.sh: 8: cannot create /tmp/aeld-data/GebsBrFOH1LOm63FQpyPYroRw3QzziQ0/AhmedAdelWafdy77.txt: Directory nonexistent
./writer.sh: 8: cannot create /tmp/aeld-data/GebsBrFOH1LOm63FQpyPYroRw3QzziQ0/AhmedAdelWafdy78.txt: Directory nonexistent
./writer.sh: 8: cannot create /tmp/aeld-data/GebsBrFOH1LOm63FQpyPYroRw3QzziQ0/AhmedAdelWafdy79.txt: Directory nonexistent
./writer.sh: 8: cannot create /tmp/aeld-data/GebsBrFOH1LOm63FQpyPYroRw3QzziQ0/AhmedAdelWafdy710.txt: Directory nonexistent
[0;31mValidation Error:finder-test.sh execution for random directory failed with return code 1[0m
Validation failed with error list :finder-test.sh execution for default directory failed with return code 1:finder-test.sh execution for random directory failed with return code 1
Test of assignment assignment1 failed with rc=1
Running test with user benwafdy
-- Generating ;/home/benwafdy/aesd-assignments/assignment-autotest/test/assignment1/Test_hello_Runner.c;/home/benwafdy/aesd-assignments/assignment-autotest/test/assignment1/Test_assignment_validate_Runner.c;/home/benwafdy/aesd-assignments/assignment-autotest/../student-test/assignment1/Test_validate_username_Runner.c from test/assignment1/Test_hello.c;test/assignment1/Test_assignment_validate.c;../student-test/assignment1/Test_validate_username.c
-- Building executable including ;/home/benwafdy/aesd-assignments/assignment-autotest/test/assignment1/Test_hello_Runner.c;/home/benwafdy/aesd-assignments/assignment-autotest/test/assignment1/Test_assignment_validate_Runner.c;/home/benwafdy/aesd-assignments/assignment-autotest/../student-test/assignment1/Test_validate_username_Runner.c test/assignment1/Test_hello.c;test/assignment1/Test_assignment_validate.c;../student-test/assignment1/Test_validate_username.c and ../examples/autotest-validate/autotest-validate.c
-- Configuring done
-- Generating done
-- Build files have been written to: /home/benwafdy/aesd-assignments/build
[  8%] Building C object assignment-autotest/Unity/src/CMakeFiles/unity.dir/unity.c.o
[ 16%] Linking C static library libunity.a
[ 16%] Built target unity
[ 25%] Generating ../../assignment-autotest/test/assignment1/Test_hello_Runner.c, ../../assignment-autotest/test/assignment1/Test_assignment_validate_Runner.c, ../../student-test/assignment1/Test_validate_username_Runner.c, ../../assignment-autotest/test/unity_runner.c
Test files for auto dependency generation test/assignment1/Test_hello.c test/assignment1/Test_assignment_validate.c ../student-test/assignment1/Test_validate_username.c
Autogenerating runner for test/assignment1/Test_hello.c
Autogenerating runner for test/assignment1/Test_assignment_validate.c
Autogenerating runner for ../student-test/assignment1/Test_validate_username.c
Autogenerating test/unity_runner.c
[ 33%] Building C object assignment-autotest/CMakeFiles/assignment-autotest.dir/test/assignment1/Test_hello.c.o
[ 41%] Building C object assignment-autotest/CMakeFiles/assignment-autotest.dir/test/assignment1/Test_assignment_validate.c.o
[ 50%] Building C object assignment-autotest/CMakeFiles/assignment-autotest.dir/__/student-test/assignment1/Test_validate_username.c.o
[ 58%] Building C object assignment-autotest/CMakeFiles/assignment-autotest.dir/test/assignment1/Test_hello_Runner.c.o
[ 66%] Building C object assignment-autotest/CMakeFiles/assignment-autotest.dir/test/assignment1/Test_assignment_validate_Runner.c.o
[ 75%] Building C object assignment-autotest/CMakeFiles/assignment-autotest.dir/__/student-test/assignment1/Test_validate_username_Runner.c.o
[ 83%] Building C object assignment-autotest/CMakeFiles/assignment-autotest.dir/__/examples/autotest-validate/autotest-validate.c.o
[ 91%] Building C object assignment-autotest/CMakeFiles/assignment-autotest.dir/test/unity_runner.c.o
[100%] Linking C executable assignment-autotest
[100%] Built target assignment-autotest
/home/benwafdy/aesd-assignments/assignment-autotest/test/assignment1/Test_hello.c:6:test_hello:INFO: Hello!  Your unity setup is working!
/home/benwafdy/aesd-assignments/assignment-autotest/test/assignment1/Test_hello.c:4:test_hello:PASS

-----------------------
1 Tests 0 Failures 0 Ignored 
OK
/home/benwafdy/aesd-assignments/assignment-autotest/test/assignment1/Test_assignment_validate.c:9:test_assignment_validate:PASS

-----------------------
1 Tests 0 Failures 0 Ignored 
OK
Read AhmedAdelWafdy7 from conf/username.txt
/home/benwafdy/aesd-assignments/assignment-autotest/../student-test/assignment1/Test_validate_username.c:15:test_validate_my_username:PASS

-----------------------
1 Tests 0 Failures 0 Ignored 
OK
Executing assignment test script
~/aesd-assignments/assignment-autotest/test/assignment1 ~/aesd-assignments
~/aesd-assignments/finder-app ~/aesd-assignments/assignment-autotest/test/assignment1 ~/aesd-assignments
Using default value AELD_IS_FUN for string to write
Using default value 10 for number of files to write
Writing 10 files containing string AELD_IS_FUN to /tmp/aeld-data
./writer.sh: 8: cannot create /tmp/aeld-data/AhmedAdelWafdy71.txt: Directory nonexistent
./writer.sh: 8: cannot create /tmp/aeld-data/AhmedAdelWafdy72.txt: Directory nonexistent
./writer.sh: 8: cannot create /tmp/aeld-data/AhmedAdelWafdy73.txt: Directory nonexistent
./writer.sh: 8: cannot create /tmp/aeld-data/AhmedAdelWafdy74.txt: Directory nonexistent
./writer.sh: 8: cannot create /tmp/aeld-data/AhmedAdelWafdy75.txt: Directory nonexistent
./writer.sh: 8: cannot create /tmp/aeld-data/AhmedAdelWafdy76.txt: Directory nonexistent
./writer.sh: 8: cannot create /tmp/aeld-data/AhmedAdelWafdy77.txt: Directory nonexistent
./writer.sh: 8: cannot create /tmp/aeld-data/AhmedAdelWafdy78.txt: Directory nonexistent
./writer.sh: 8: cannot create /tmp/aeld-data/AhmedAdelWafdy79.txt: Directory nonexistent
./writer.sh: 8: cannot create /tmp/aeld-data/AhmedAdelWafdy710.txt: Directory nonexistent
[0;31mValidation Error:finder-test.sh execution for default directory failed with return code 1[0m
Writing 10 files containing string AELD_IS_FUN to /tmp/aeld-data/eMBDW4eF9qQmcb50FPRiNoeDgsabER5l
./writer.sh: 8: cannot create /tmp/aeld-data/eMBDW4eF9qQmcb50FPRiNoeDgsabER5l/AhmedAdelWafdy71.txt: Directory nonexistent
./writer.sh: 8: cannot create /tmp/aeld-data/eMBDW4eF9qQmcb50FPRiNoeDgsabER5l/AhmedAdelWafdy72.txt: Directory nonexistent
./writer.sh: 8: cannot create /tmp/aeld-data/eMBDW4eF9qQmcb50FPRiNoeDgsabER5l/AhmedAdelWafdy73.txt: Directory nonexistent
./writer.sh: 8: cannot create /tmp/aeld-data/eMBDW4eF9qQmcb50FPRiNoeDgsabER5l/AhmedAdelWafdy74.txt: Directory nonexistent
./writer.sh: 8: cannot create /tmp/aeld-data/eMBDW4eF9qQmcb50FPRiNoeDgsabER5l/AhmedAdelWafdy75.txt: Directory nonexistent
./writer.sh: 8: cannot create /tmp/aeld-data/eMBDW4eF9qQmcb50FPRiNoeDgsabER5l/AhmedAdelWafdy76.txt: Directory nonexistent
./writer.sh: 8: cannot create /tmp/aeld-data/eMBDW4eF9qQmcb50FPRiNoeDgsabER5l/AhmedAdelWafdy77.txt: Directory nonexistent
./writer.sh: 8: cannot create /tmp/aeld-data/eMBDW4eF9qQmcb50FPRiNoeDgsabER5l/AhmedAdelWafdy78.txt: Directory nonexistent
./writer.sh: 8: cannot create /tmp/aeld-data/eMBDW4eF9qQmcb50FPRiNoeDgsabER5l/AhmedAdelWafdy79.txt: Directory nonexistent
./writer.sh: 8: cannot create /tmp/aeld-data/eMBDW4eF9qQmcb50FPRiNoeDgsabER5l/AhmedAdelWafdy710.txt: Directory nonexistent
[0;31mValidation Error:finder-test.sh execution for random directory failed with return code 1[0m
Validation failed with error list :finder-test.sh execution for default directory failed with return code 1:finder-test.sh execution for random directory failed with return code 1
Test of assignment assignment1 failed with rc=1
Running test with user benwafdy
-- Generating ;/home/benwafdy/aesd-assignments/assignment-autotest/test/assignment1/Test_hello_Runner.c;/home/benwafdy/aesd-assignments/assignment-autotest/test/assignment1/Test_assignment_validate_Runner.c;/home/benwafdy/aesd-assignments/assignment-autotest/../student-test/assignment1/Test_validate_username_Runner.c from test/assignment1/Test_hello.c;test/assignment1/Test_assignment_validate.c;../student-test/assignment1/Test_validate_username.c
-- Building executable including ;/home/benwafdy/aesd-assignments/assignment-autotest/test/assignment1/Test_hello_Runner.c;/home/benwafdy/aesd-assignments/assignment-autotest/test/assignment1/Test_assignment_validate_Runner.c;/home/benwafdy/aesd-assignments/assignment-autotest/../student-test/assignment1/Test_validate_username_Runner.c test/assignment1/Test_hello.c;test/assignment1/Test_assignment_validate.c;../student-test/assignment1/Test_validate_username.c and ../examples/autotest-validate/autotest-validate.c
-- Configuring done
-- Generating done
-- Build files have been written to: /home/benwafdy/aesd-assignments/build
[  8%] Building C object assignment-autotest/Unity/src/CMakeFiles/unity.dir/unity.c.o
[ 16%] Linking C static library libunity.a
[ 16%] Built target unity
[ 25%] Generating ../../assignment-autotest/test/assignment1/Test_hello_Runner.c, ../../assignment-autotest/test/assignment1/Test_assignment_validate_Runner.c, ../../student-test/assignment1/Test_validate_username_Runner.c, ../../assignment-autotest/test/unity_runner.c
Test files for auto dependency generation test/assignment1/Test_hello.c test/assignment1/Test_assignment_validate.c ../student-test/assignment1/Test_validate_username.c
Autogenerating runner for test/assignment1/Test_hello.c
Autogenerating runner for test/assignment1/Test_assignment_validate.c
Autogenerating runner for ../student-test/assignment1/Test_validate_username.c
Autogenerating test/unity_runner.c
[ 33%] Building C object assignment-autotest/CMakeFiles/assignment-autotest.dir/test/assignment1/Test_hello.c.o
[ 41%] Building C object assignment-autotest/CMakeFiles/assignment-autotest.dir/test/assignment1/Test_assignment_validate.c.o
[ 50%] Building C object assignment-autotest/CMakeFiles/assignment-autotest.dir/__/student-test/assignment1/Test_validate_username.c.o
/home/benwafdy/aesd-assignments/student-test/assignment1/Test_validate_username.c:15:2: error: expected identifier or â€˜(â€™ before â€˜/â€™ token
   15 | */
      |  ^
make[2]: *** [assignment-autotest/CMakeFiles/assignment-autotest.dir/build.make:119: assignment-autotest/CMakeFiles/assignment-autotest.dir/__/student-test/assignment1/Test_validate_username.c.o] Error 1
make[1]: *** [CMakeFiles/Makefile2:130: assignment-autotest/CMakeFiles/assignment-autotest.dir/all] Error 2
make: *** [Makefile:136: all] Error 2
./unit-test.sh: line 13: ./build/assignment-autotest/assignment-autotest: No such file or directory
Unit test failed
Executing assignment test script
~/aesd-assignments/assignment-autotest/test/assignment1 ~/aesd-assignments
~/aesd-assignments/finder-app ~/aesd-assignments/assignment-autotest/test/assignment1 ~/aesd-assignments
Using default value AELD_IS_FUN for string to write
Using default value 10 for number of files to write
Writing 10 files containing string AELD_IS_FUN to /tmp/aeld-data
./writer.sh: 8: cannot create /tmp/aeld-data/AhmedAdelWafdy71.txt: Directory nonexistent
./writer.sh: 8: cannot create /tmp/aeld-data/AhmedAdelWafdy72.txt: Directory nonexistent
./writer.sh: 8: cannot create /tmp/aeld-data/AhmedAdelWafdy73.txt: Directory nonexistent
./writer.sh: 8: cannot create /tmp/aeld-data/AhmedAdelWafdy74.txt: Directory nonexistent
./writer.sh: 8: cannot create /tmp/aeld-data/AhmedAdelWafdy75.txt: Directory nonexistent
./writer.sh: 8: cannot create /tmp/aeld-data/AhmedAdelWafdy76.txt: Directory nonexistent
./writer.sh: 8: cannot create /tmp/aeld-data/AhmedAdelWafdy77.txt: Directory nonexistent
./writer.sh: 8: cannot create /tmp/aeld-data/AhmedAdelWafdy78.txt: Directory nonexistent
./writer.sh: 8: cannot create /tmp/aeld-data/AhmedAdelWafdy79.txt: Directory nonexistent
./writer.sh: 8: cannot create /tmp/aeld-data/AhmedAdelWafdy710.txt: Directory nonexistent
[0;31mValidation Error:finder-test.sh execution for default directory failed with return code 1[0m
Writing 10 files containing string AELD_IS_FUN to /tmp/aeld-data/9H1V9fEAjEVHDqGdS2Vpqr7xpkbfFWOM
./writer.sh: 8: cannot create /tmp/aeld-data/9H1V9fEAjEVHDqGdS2Vpqr7xpkbfFWOM/AhmedAdelWafdy71.txt: Directory nonexistent
./writer.sh: 8: cannot create /tmp/aeld-data/9H1V9fEAjEVHDqGdS2Vpqr7xpkbfFWOM/AhmedAdelWafdy72.txt: Directory nonexistent
./writer.sh: 8: cannot create /tmp/aeld-data/9H1V9fEAjEVHDqGdS2Vpqr7xpkbfFWOM/AhmedAdelWafdy73.txt: Directory nonexistent
./writer.sh: 8: cannot create /tmp/aeld-data/9H1V9fEAjEVHDqGdS2Vpqr7xpkbfFWOM/AhmedAdelWafdy74.txt: Directory nonexistent
./writer.sh: 8: cannot create /tmp/aeld-data/9H1V9fEAjEVHDqGdS2Vpqr7xpkbfFWOM/AhmedAdelWafdy75.txt: Directory nonexistent
./writer.sh: 8: cannot create /tmp/aeld-data/9H1V9fEAjEVHDqGdS2Vpqr7xpkbfFWOM/AhmedAdelWafdy76.txt: Directory nonexistent
./writer.sh: 8: cannot create /tmp/aeld-data/9H1V9fEAjEVHDqGdS2Vpqr7xpkbfFWOM/AhmedAdelWafdy77.txt: Directory nonexistent
./writer.sh: 8: cannot create /tmp/aeld-data/9H1V9fEAjEVHDqGdS2Vpqr7xpkbfFWOM/AhmedAdelWafdy78.txt: Directory nonexistent
./writer.sh: 8: cannot create /tmp/aeld-data/9H1V9fEAjEVHDqGdS2Vpqr7xpkbfFWOM/AhmedAdelWafdy79.txt: Directory nonexistent
./writer.sh: 8: cannot create /tmp/aeld-data/9H1V9fEAjEVHDqGdS2Vpqr7xpkbfFWOM/AhmedAdelWafdy710.txt: Directory nonexistent
[0;31mValidation Error:finder-test.sh execution for random directory failed with return code 1[0m
Validation failed with error list :finder-test.sh execution for default directory failed with return code 1:finder-test.sh execution for random directory failed with return code 1
Test of assignment assignment1 failed with rc=1
Running test with user benwafdy
-- Generating ;/home/benwafdy/aesd-assignments/assignment-autotest/test/assignment1/Test_hello_Runner.c;/home/benwafdy/aesd-assignments/assignment-autotest/test/assignment1/Test_assignment_validate_Runner.c;/home/benwafdy/aesd-assignments/assignment-autotest/../student-test/assignment1/Test_validate_username_Runner.c from test/assignment1/Test_hello.c;test/assignment1/Test_assignment_validate.c;../student-test/assignment1/Test_validate_username.c
-- Building executable including ;/home/benwafdy/aesd-assignments/assignment-autotest/test/assignment1/Test_hello_Runner.c;/home/benwafdy/aesd-assignments/assignment-autotest/test/assignment1/Test_assignment_validate_Runner.c;/home/benwafdy/aesd-assignments/assignment-autotest/../student-test/assignment1/Test_validate_username_Runner.c test/assignment1/Test_hello.c;test/assignment1/Test_assignment_validate.c;../student-test/assignment1/Test_validate_username.c and ../examples/autotest-validate/autotest-validate.c
-- Configuring done
-- Generating done
-- Build files have been written to: /home/benwafdy/aesd-assignments/build
[  8%] Building C object assignment-autotest/Unity/src/CMakeFiles/unity.dir/unity.c.o
[ 16%] Linking C static library libunity.a
[ 16%] Built target unity
[ 25%] Generating ../../assignment-autotest/test/assignment1/Test_hello_Runner.c, ../../assignment-autotest/test/assignment1/Test_assignment_validate_Runner.c, ../../student-test/assignment1/Test_validate_username_Runner.c, ../../assignment-autotest/test/unity_runner.c
Test files for auto dependency generation test/assignment1/Test_hello.c test/assignment1/Test_assignment_validate.c ../student-test/assignment1/Test_validate_username.c
Autogenerating runner for test/assignment1/Test_hello.c
Autogenerating runner for test/assignment1/Test_assignment_validate.c
Autogenerating runner for ../student-test/assignment1/Test_validate_username.c
Autogenerating test/unity_runner.c
[ 33%] Building C object assignment-autotest/CMakeFiles/assignment-autotest.dir/test/assignment1/Test_hello.c.o
[ 41%] Building C object assignment-autotest/CMakeFiles/assignment-autotest.dir/test/assignment1/Test_assignment_validate.c.o
[ 50%] Building C object assignment-autotest/CMakeFiles/assignment-autotest.dir/__/student-test/assignment1/Test_validate_username.c.o
[ 58%] Building C object assignment-autotest/CMakeFiles/assignment-autotest.dir/test/assignment1/Test_hello_Runner.c.o
[ 66%] Building C object assignment-autotest/CMakeFiles/assignment-autotest.dir/test/assignment1/Test_assignment_validate_Runner.c.o
[ 75%] Building C object assignment-autotest/CMakeFiles/assignment-autotest.dir/__/student-test/assignment1/Test_validate_username_Runner.c.o
[ 83%] Building C object assignment-autotest/CMakeFiles/assignment-autotest.dir/__/examples/autotest-validate/autotest-validate.c.o
[ 91%] Building C object assignment-autotest/CMakeFiles/assignment-autotest.dir/test/unity_runner.c.o
[100%] Linking C executable assignment-autotest
[100%] Built target assignment-autotest
/home/benwafdy/aesd-assignments/assignment-autotest/test/assignment1/Test_hello.c:6:test_hello:INFO: Hello!  Your unity setup is working!
/home/benwafdy/aesd-assignments/assignment-autotest/test/assignment1/Test_hello.c:4:test_hello:PASS

-----------------------
1 Tests 0 Failures 0 Ignored 
OK
/home/benwafdy/aesd-assignments/assignment-autotest/test/assignment1/Test_assignment_validate.c:9:test_assignment_validate:PASS

-----------------------
1 Tests 0 Failures 0 Ignored 
OK
Read AhmedAdelWafdy7 from conf/username.txt
/home/benwafdy/aesd-assignments/assignment-autotest/../student-test/assignment1/Test_validate_username.c:15:test_validate_my_username:PASS

-----------------------
1 Tests 0 Failures 0 Ignored 
OK
Executing assignment test script
~/aesd-assignments/assignment-autotest/test/assignment1 ~/aesd-assignments
~/aesd-assignments/finder-app ~/aesd-assignments/assignment-autotest/test/assignment1 ~/aesd-assignments
Using default value AELD_IS_FUN for string to write
Using default value 10 for number of files to write
Writing 10 files containing string AELD_IS_FUN to /tmp/aeld-data
./writer.sh: 8: cannot create /tmp/aeld-data/AhmedAdelWafdy71.txt: Directory nonexistent
./writer.sh: 8: cannot create /tmp/aeld-data/AhmedAdelWafdy72.txt: Directory nonexistent
./writer.sh: 8: cannot create /tmp/aeld-data/AhmedAdelWafdy73.txt: Directory nonexistent
./writer.sh: 8: cannot create /tmp/aeld-data/AhmedAdelWafdy74.txt: Directory nonexistent
./writer.sh: 8: cannot create /tmp/aeld-data/AhmedAdelWafdy75.txt: Directory nonexistent
./writer.sh: 8: cannot create /tmp/aeld-data/AhmedAdelWafdy76.txt: Directory nonexistent
./writer.sh: 8: cannot create /tmp/aeld-data/AhmedAdelWafdy77.txt: Directory nonexistent
./writer.sh: 8: cannot create /tmp/aeld-data/AhmedAdelWafdy78.txt: Directory nonexistent
./writer.sh: 8: cannot create /tmp/aeld-data/AhmedAdelWafdy79.txt: Directory nonexistent
./writer.sh: 8: cannot create /tmp/aeld-data/AhmedAdelWafdy710.txt: Directory nonexistent
[0;31mValidation Error:finder-test.sh execution for default directory failed with return code 1[0m
Writing 10 files containing string AELD_IS_FUN to /tmp/aeld-data/HeRn7aBHK4v6C6OdI52i9wouKcrq4GK6
./writer.sh: 8: cannot create /tmp/aeld-data/HeRn7aBHK4v6C6OdI52i9wouKcrq4GK6/AhmedAdelWafdy71.txt: Directory nonexistent
./writer.sh: 8: cannot create /tmp/aeld-data/HeRn7aBHK4v6C6OdI52i9wouKcrq4GK6/AhmedAdelWafdy72.txt: Directory nonexistent
./writer.sh: 8: cannot create /tmp/aeld-data/HeRn7aBHK4v6C6OdI52i9wouKcrq4GK6/AhmedAdelWafdy73.txt: Directory nonexistent
./writer.sh: 8: cannot create /tmp/aeld-data/HeRn7aBHK4v6C6OdI52i9wouKcrq4GK6/AhmedAdelWafdy74.txt: Directory nonexistent
./writer.sh: 8: cannot create /tmp/aeld-data/HeRn7aBHK4v6C6OdI52i9wouKcrq4GK6/AhmedAdelWafdy75.txt: Directory nonexistent
./writer.sh: 8: cannot create /tmp/aeld-data/HeRn7aBHK4v6C6OdI52i9wouKcrq4GK6/AhmedAdelWafdy76.txt: Directory nonexistent
./writer.sh: 8: cannot create /tmp/aeld-data/HeRn7aBHK4v6C6OdI52i9wouKcrq4GK6/AhmedAdelWafdy77.txt: Directory nonexistent
./writer.sh: 8: cannot create /tmp/aeld-data/HeRn7aBHK4v6C6OdI52i9wouKcrq4GK6/AhmedAdelWafdy78.txt: Directory nonexistent
./writer.sh: 8: cannot create /tmp/aeld-data/HeRn7aBHK4v6C6OdI52i9wouKcrq4GK6/AhmedAdelWafdy79.txt: Directory nonexistent
./writer.sh: 8: cannot create /tmp/aeld-data/HeRn7aBHK4v6C6OdI52i9wouKcrq4GK6/AhmedAdelWafdy710.txt: Directory nonexistent
[0;31mValidation Error:finder-test.sh execution for random directory failed with return code 1[0m
Validation failed with error list :finder-test.sh execution for default directory failed with return code 1:finder-test.sh execution for random directory failed with return code 1
Test of assignment assignment1 failed with rc=1
Running test with user benwafdy
-- Generating ;/home/benwafdy/aesd-assignments/assignment-autotest/test/assignment1/Test_hello_Runner.c;/home/benwafdy/aesd-assignments/assignment-autotest/test/assignment1/Test_assignment_validate_Runner.c;/home/benwafdy/aesd-assignments/assignment-autotest/../student-test/assignment1/Test_validate_username_Runner.c from test/assignment1/Test_hello.c;test/assignment1/Test_assignment_validate.c;../student-test/assignment1/Test_validate_username.c
-- Building executable including ;/home/benwafdy/aesd-assignments/assignment-autotest/test/assignment1/Test_hello_Runner.c;/home/benwafdy/aesd-assignments/assignment-autotest/test/assignment1/Test_assignment_validate_Runner.c;/home/benwafdy/aesd-assignments/assignment-autotest/../student-test/assignment1/Test_validate_username_Runner.c test/assignment1/Test_hello.c;test/assignment1/Test_assignment_validate.c;../student-test/assignment1/Test_validate_username.c and ../examples/autotest-validate/autotest-validate.c
-- Configuring done
-- Generating done
-- Build files have been written to: /home/benwafdy/aesd-assignments/build
[  8%] Building C object assignment-autotest/Unity/src/CMakeFiles/unity.dir/unity.c.o
[ 16%] Linking C static library libunity.a
[ 16%] Built target unity
[ 25%] Generating ../../assignment-autotest/test/assignment1/Test_hello_Runner.c, ../../assignment-autotest/test/assignment1/Test_assignment_validate_Runner.c, ../../student-test/assignment1/Test_validate_username_Runner.c, ../../assignment-autotest/test/unity_runner.c
Test files for auto dependency generation test/assignment1/Test_hello.c test/assignment1/Test_assignment_validate.c ../student-test/assignment1/Test_validate_username.c
Autogenerating runner for test/assignment1/Test_hello.c
Autogenerating runner for test/assignment1/Test_assignment_validate.c
Autogenerating runner for ../student-test/assignment1/Test_validate_username.c
Autogenerating test/unity_runner.c
[ 33%] Building C object assignment-autotest/CMakeFiles/assignment-autotest.dir/test/assignment1/Test_hello.c.o
[ 41%] Building C object assignment-autotest/CMakeFiles/assignment-autotest.dir/test/assignment1/Test_assignment_validate.c.o
[ 50%] Building C object assignment-autotest/CMakeFiles/assignment-autotest.dir/__/student-test/assignment1/Test_validate_username.c.o
[ 58%] Building C object assignment-autotest/CMakeFiles/assignment-autotest.dir/test/assignment1/Test_hello_Runner.c.o
[ 66%] Building C object assignment-autotest/CMakeFiles/assignment-autotest.dir/test/assignment1/Test_assignment_validate_Runner.c.o
[ 75%] Building C object assignment-autotest/CMakeFiles/assignment-autotest.dir/__/student-test/assignment1/Test_validate_username_Runner.c.o
[ 83%] Building C object assignment-autotest/CMakeFiles/assignment-autotest.dir/__/examples/autotest-validate/autotest-validate.c.o
[ 91%] Building C object assignment-autotest/CMakeFiles/assignment-autotest.dir/test/unity_runner.c.o
[100%] Linking C executable assignment-autotest
[100%] Built target assignment-autotest
/home/benwafdy/aesd-assignments/assignment-autotest/test/assignment1/Test_hello.c:6:test_hello:INFO: Hello!  Your unity setup is working!
/home/benwafdy/aesd-assignments/assignment-autotest/test/assignment1/Test_hello.c:4:test_hello:PASS

-----------------------
1 Tests 0 Failures 0 Ignored 
OK
/home/benwafdy/aesd-assignments/assignment-autotest/test/assignment1/Test_assignment_validate.c:9:test_assignment_validate:PASS

-----------------------
1 Tests 0 Failures 0 Ignored 
OK
Read AhmedAdelWafdy7 from conf/username.txt
/home/benwafdy/aesd-assignments/assignment-autotest/../student-test/assignment1/Test_validate_username.c:15:test_validate_my_username:PASS

-----------------------
1 Tests 0 Failures 0 Ignored 
OK
Executing assignment test script
~/aesd-assignments/assignment-autotest/test/assignment1 ~/aesd-assignments
~/aesd-assignments/finder-app ~/aesd-assignments/assignment-autotest/test/assignment1 ~/aesd-assignments
Using default value AELD_IS_FUN for string to write
Using default value 10 for number of files to write
Writing 10 files containing string AELD_IS_FUN to /tmp/aeld-data
./writer.sh: 8: cannot create /tmp/aeld-data/AhmedAdelWafdy71.txt: Directory nonexistent
./writer.sh: 8: cannot create /tmp/aeld-data/AhmedAdelWafdy72.txt: Directory nonexistent
./writer.sh: 8: cannot create /tmp/aeld-data/AhmedAdelWafdy73.txt: Directory nonexistent
./writer.sh: 8: cannot create /tmp/aeld-data/AhmedAdelWafdy74.txt: Directory nonexistent
./writer.sh: 8: cannot create /tmp/aeld-data/AhmedAdelWafdy75.txt: Directory nonexistent
./writer.sh: 8: cannot create /tmp/aeld-data/AhmedAdelWafdy76.txt: Directory nonexistent
./writer.sh: 8: cannot create /tmp/aeld-data/AhmedAdelWafdy77.txt: Directory nonexistent
./writer.sh: 8: cannot create /tmp/aeld-data/AhmedAdelWafdy78.txt: Directory nonexistent
./writer.sh: 8: cannot create /tmp/aeld-data/AhmedAdelWafdy79.txt: Directory nonexistent
./writer.sh: 8: cannot create /tmp/aeld-data/AhmedAdelWafdy710.txt: Directory nonexistent
[0;31mValidation Error:finder-test.sh execution for default directory failed with return code 1[0m
Writing 10 files containing string AELD_IS_FUN to /tmp/aeld-data/sx2fYIfRnbuG6aNaGfpjva446Gqvz4JV
./writer.sh: 8: cannot create /tmp/aeld-data/sx2fYIfRnbuG6aNaGfpjva446Gqvz4JV/AhmedAdelWafdy71.txt: Directory nonexistent
./writer.sh: 8: cannot create /tmp/aeld-data/sx2fYIfRnbuG6aNaGfpjva446Gqvz4JV/AhmedAdelWafdy72.txt: Directory nonexistent
./writer.sh: 8: cannot create /tmp/aeld-data/sx2fYIfRnbuG6aNaGfpjva446Gqvz4JV/AhmedAdelWafdy73.txt: Directory nonexistent
./writer.sh: 8: cannot create /tmp/aeld-data/sx2fYIfRnbuG6aNaGfpjva446Gqvz4JV/AhmedAdelWafdy74.txt: Directory nonexistent
./writer.sh: 8: cannot create /tmp/aeld-data/sx2fYIfRnbuG6aNaGfpjva446Gqvz4JV/AhmedAdelWafdy75.txt: Directory nonexistent
./writer.sh: 8: cannot create /tmp/aeld-data/sx2fYIfRnbuG6aNaGfpjva446Gqvz4JV/AhmedAdelWafdy76.txt: Directory nonexistent
./writer.sh: 8: cannot create /tmp/aeld-data/sx2fYIfRnbuG6aNaGfpjva446Gqvz4JV/AhmedAdelWafdy77.txt: Directory nonexistent
./writer.sh: 8: cannot create /tmp/aeld-data/sx2fYIfRnbuG6aNaGfpjva446Gqvz4JV/AhmedAdelWafdy78.txt: Directory nonexistent
./writer.sh: 8: cannot create /tmp/aeld-data/sx2fYIfRnbuG6aNaGfpjva446Gqvz4JV/AhmedAdelWafdy79.txt: Directory nonexistent
./writer.sh: 8: cannot create /tmp/aeld-data/sx2fYIfRnbuG6aNaGfpjva446Gqvz4JV/AhmedAdelWafdy710.txt: Directory nonexistent
[0;31mValidation Error:finder-test.sh execution for random directory failed with return code 1[0m
Validation failed with error list :finder-test.sh execution for default directory failed with return code 1:finder-test.sh execution for random directory failed with return code 1
Test of assignment assignment1 failed with rc=1
Running test with user benwafdy
-- Generating ;/home/benwafdy/aesd-assignments/assignment-autotest/test/assignment1/Test_hello_Runner.c;/home/benwafdy/aesd-assignments/assignment-autotest/test/assignment1/Test_assignment_validate_Runner.c;/home/benwafdy/aesd-assignments/assignment-autotest/../student-test/assignment1/Test_validate_username_Runner.c from test/assignment1/Test_hello.c;test/assignment1/Test_assignment_validate.c;../student-test/assignment1/Test_validate_username.c
-- Building executable including ;/home/benwafdy/aesd-assignments/assignment-autotest/test/assignment1/Test_hello_Runner.c;/home/benwafdy/aesd-assignments/assignment-autotest/test/assignment1/Test_assignment_validate_Runner.c;/home/benwafdy/aesd-assignments/assignment-autotest/../student-test/assignment1/Test_validate_username_Runner.c test/assignment1/Test_hello.c;test/assignment1/Test_assignment_validate.c;../student-test/assignment1/Test_validate_username.c and ../examples/autotest-validate/autotest-validate.c
-- Configuring done
-- Generating done
-- Build files have been written to: /home/benwafdy/aesd-assignments/build
[  8%] Building C object assignment-autotest/Unity/src/CMakeFiles/unity.dir/unity.c.o
[ 16%] Linking C static library libunity.a
[ 16%] Built target unity
[ 25%] Generating ../../assignment-autotest/test/assignment1/Test_hello_Runner.c, ../../assignment-autotest/test/assignment1/Test_assignment_validate_Runner.c, ../../student-test/assignment1/Test_validate_username_Runner.c, ../../assignment-autotest/test/unity_runner.c
Test files for auto dependency generation test/assignment1/Test_hello.c test/assignment1/Test_assignment_validate.c ../student-test/assignment1/Test_validate_username.c
Autogenerating runner for test/assignment1/Test_hello.c
Autogenerating runner for test/assignment1/Test_assignment_validate.c
Autogenerating runner for ../student-test/assignment1/Test_validate_username.c
Autogenerating test/unity_runner.c
[ 33%] Building C object assignment-autotest/CMakeFiles/assignment-autotest.dir/test/assignment1/Test_hello.c.o
[ 41%] Building C object assignment-autotest/CMakeFiles/assignment-autotest.dir/test/assignment1/Test_assignment_validate.c.o
[ 50%] Building C object assignment-autotest/CMakeFiles/assignment-autotest.dir/__/student-test/assignment1/Test_validate_username.c.o
[ 58%] Building C object assignment-autotest/CMakeFiles/assignment-autotest.dir/test/assignment1/Test_hello_Runner.c.o
[ 66%] Building C object assignment-autotest/CMakeFiles/assignment-autotest.dir/test/assignment1/Test_assignment_validate_Runner.c.o
[ 75%] Building C object assignment-autotest/CMakeFiles/assignment-autotest.dir/__/student-test/assignment1/Test_validate_username_Runner.c.o
[ 83%] Building C object assignment-autotest/CMakeFiles/assignment-autotest.dir/__/examples/autotest-validate/autotest-validate.c.o
[ 91%] Building C object assignment-autotest/CMakeFiles/assignment-autotest.dir/test/unity_runner.c.o
[100%] Linking C executable assignment-autotest
[100%] Built target assignment-autotest
/home/benwafdy/aesd-assignments/assignment-autotest/test/assignment1/Test_hello.c:6:test_hello:INFO: Hello!  Your unity setup is working!
/home/benwafdy/aesd-assignments/assignment-autotest/test/assignment1/Test_hello.c:4:test_hello:PASS

-----------------------
1 Tests 0 Failures 0 Ignored 
OK
/home/benwafdy/aesd-assignments/assignment-autotest/test/assignment1/Test_assignment_validate.c:9:test_assignment_validate:PASS

-----------------------
1 Tests 0 Failures 0 Ignored 
OK
Read AhmedAdelWafdy7 from conf/username.txt
/home/benwafdy/aesd-assignments/assignment-autotest/../student-test/assignment1/Test_validate_username.c:15:test_validate_my_username:PASS

-----------------------
1 Tests 0 Failures 0 Ignored 
OK
Executing assignment test script
~/aesd-assignments/assignment-autotest/test/assignment1 ~/aesd-assignments
~/aesd-assignments/finder-app ~/aesd-assignments/assignment-autotest/test/assignment1 ~/aesd-assignments
Error: Both file path and string to write must be specified.
Error: Both file path and string to write must be specified.
Using default value AELD_IS_FUN for string to write
Using default value 10 for number of files to write
Writing 10 files containing string AELD_IS_FUN to /tmp/aeld-data
File created successfully: /tmp/aeld-data/AhmedAdelWafdy71.txt
File created successfully: /tmp/aeld-data/AhmedAdelWafdy72.txt
File created successfully: /tmp/aeld-data/AhmedAdelWafdy73.txt
File created successfully: /tmp/aeld-data/AhmedAdelWafdy74.txt
File created successfully: /tmp/aeld-data/AhmedAdelWafdy75.txt
File created successfully: /tmp/aeld-data/AhmedAdelWafdy76.txt
File created successfully: /tmp/aeld-data/AhmedAdelWafdy77.txt
File created successfully: /tmp/aeld-data/AhmedAdelWafdy78.txt
File created successfully: /tmp/aeld-data/AhmedAdelWafdy79.txt
File created successfully: /tmp/aeld-data/AhmedAdelWafdy710.txt
failed: expected  The number of files are 10 and the number of matching lines are 10 in The number of files containing the search string 'AELD_IS_FUN' is: 10
The total number of matching lines found is: 10 but instead found
[0;31mValidation Error:finder-test.sh execution for default directory failed with return code 1[0m
Writing 10 files containing string AELD_IS_FUN to /tmp/aeld-data/K9SllYQ4B9jS7vYjeDjaCbUPlxq2GcaM
File created successfully: /tmp/aeld-data/K9SllYQ4B9jS7vYjeDjaCbUPlxq2GcaM/AhmedAdelWafdy71.txt
File created successfully: /tmp/aeld-data/K9SllYQ4B9jS7vYjeDjaCbUPlxq2GcaM/AhmedAdelWafdy72.txt
File created successfully: /tmp/aeld-data/K9SllYQ4B9jS7vYjeDjaCbUPlxq2GcaM/AhmedAdelWafdy73.txt
File created successfully: /tmp/aeld-data/K9SllYQ4B9jS7vYjeDjaCbUPlxq2GcaM/AhmedAdelWafdy74.txt
File created successfully: /tmp/aeld-data/K9SllYQ4B9jS7vYjeDjaCbUPlxq2GcaM/AhmedAdelWafdy75.txt
File created successfully: /tmp/aeld-data/K9SllYQ4B9jS7vYjeDjaCbUPlxq2GcaM/AhmedAdelWafdy76.txt
File created successfully: /tmp/aeld-data/K9SllYQ4B9jS7vYjeDjaCbUPlxq2GcaM/AhmedAdelWafdy77.txt
File created successfully: /tmp/aeld-data/K9SllYQ4B9jS7vYjeDjaCbUPlxq2GcaM/AhmedAdelWafdy78.txt
File created successfully: /tmp/aeld-data/K9SllYQ4B9jS7vYjeDjaCbUPlxq2GcaM/AhmedAdelWafdy79.txt
File created successfully: /tmp/aeld-data/K9SllYQ4B9jS7vYjeDjaCbUPlxq2GcaM/AhmedAdelWafdy710.txt
failed: expected  The number of files are 10 and the number of matching lines are 10 in The number of files containing the search string 'AELD_IS_FUN' is: 10
The total number of matching lines found is: 10 but instead found
[0;31mValidation Error:finder-test.sh execution for random directory failed with return code 1[0m
Validation failed with error list :finder-test.sh execution for default directory failed with return code 1:finder-test.sh execution for random directory failed with return code 1
Test of assignment assignment1 failed with rc=1
Running test with user benwafdy
-- Generating ;/home/benwafdy/aesd-assignments/assignment-autotest/test/assignment1/Test_hello_Runner.c;/home/benwafdy/aesd-assignments/assignment-autotest/test/assignment1/Test_assignment_validate_Runner.c;/home/benwafdy/aesd-assignments/assignment-autotest/../student-test/assignment1/Test_validate_username_Runner.c from test/assignment1/Test_hello.c;test/assignment1/Test_assignment_validate.c;../student-test/assignment1/Test_validate_username.c
-- Building executable including ;/home/benwafdy/aesd-assignments/assignment-autotest/test/assignment1/Test_hello_Runner.c;/home/benwafdy/aesd-assignments/assignment-autotest/test/assignment1/Test_assignment_validate_Runner.c;/home/benwafdy/aesd-assignments/assignment-autotest/../student-test/assignment1/Test_validate_username_Runner.c test/assignment1/Test_hello.c;test/assignment1/Test_assignment_validate.c;../student-test/assignment1/Test_validate_username.c and ../examples/autotest-validate/autotest-validate.c
-- Configuring done
-- Generating done
-- Build files have been written to: /home/benwafdy/aesd-assignments/build
[  8%] Building C object assignment-autotest/Unity/src/CMakeFiles/unity.dir/unity.c.o
[ 16%] Linking C static library libunity.a
[ 16%] Built target unity
[ 25%] Generating ../../assignment-autotest/test/assignment1/Test_hello_Runner.c, ../../assignment-autotest/test/assignment1/Test_assignment_validate_Runner.c, ../../student-test/assignment1/Test_validate_username_Runner.c, ../../assignment-autotest/test/unity_runner.c
Test files for auto dependency generation test/assignment1/Test_hello.c test/assignment1/Test_assignment_validate.c ../student-test/assignment1/Test_validate_username.c
Autogenerating runner for test/assignment1/Test_hello.c
Autogenerating runner for test/assignment1/Test_assignment_validate.c
Autogenerating runner for ../student-test/assignment1/Test_validate_username.c
Autogenerating test/unity_runner.c
[ 33%] Building C object assignment-autotest/CMakeFiles/assignment-autotest.dir/test/assignment1/Test_hello.c.o
[ 41%] Building C object assignment-autotest/CMakeFiles/assignment-autotest.dir/test/assignment1/Test_assignment_validate.c.o
[ 50%] Building C object assignment-autotest/CMakeFiles/assignment-autotest.dir/__/student-test/assignment1/Test_validate_username.c.o
[ 58%] Building C object assignment-autotest/CMakeFiles/assignment-autotest.dir/test/assignment1/Test_hello_Runner.c.o
[ 66%] Building C object assignment-autotest/CMakeFiles/assignment-autotest.dir/test/assignment1/Test_assignment_validate_Runner.c.o
[ 75%] Building C object assignment-autotest/CMakeFiles/assignment-autotest.dir/__/student-test/assignment1/Test_validate_username_Runner.c.o
[ 83%] Building C object assignment-autotest/CMakeFiles/assignment-autotest.dir/__/examples/autotest-validate/autotest-validate.c.o
[ 91%] Building C object assignment-autotest/CMakeFiles/assignment-autotest.dir/test/unity_runner.c.o
[100%] Linking C executable assignment-autotest
[100%] Built target assignment-autotest
/home/benwafdy/aesd-assignments/assignment-autotest/test/assignment1/Test_hello.c:6:test_hello:INFO: Hello!  Your unity setup is working!
/home/benwafdy/aesd-assignments/assignment-autotest/test/assignment1/Test_hello.c:4:test_hello:PASS

-----------------------
1 Tests 0 Failures 0 Ignored 
OK
/home/benwafdy/aesd-assignments/assignment-autotest/test/assignment1/Test_assignment_validate.c:9:test_assignment_validate:PASS

-----------------------
1 Tests 0 Failures 0 Ignored 
OK
Read AhmedAdelWafdy7 from conf/username.txt
/home/benwafdy/aesd-assignments/assignment-autotest/../student-test/assignment1/Test_validate_username.c:15:test_validate_my_username:PASS

-----------------------
1 Tests 0 Failures 0 Ignored 
OK
Executing assignment test script
~/aesd-assignments/assignment-autotest/test/assignment1 ~/aesd-assignments
~/aesd-assignments/finder-app ~/aesd-assignments/assignment-autotest/test/assignment1 ~/aesd-assignments
Error: Both file path and string to write must be specified.
Error: Both file path and string to write must be specified.
Using default value AELD_IS_FUN for string to write
Using default value 10 for number of files to write
Writing 10 files containing string AELD_IS_FUN to /tmp/aeld-data
File created successfully: /tmp/aeld-data/AhmedAdelWafdy71.txt
File created successfully: /tmp/aeld-data/AhmedAdelWafdy72.txt
File created successfully: /tmp/aeld-data/AhmedAdelWafdy73.txt
File created successfully: /tmp/aeld-data/AhmedAdelWafdy74.txt
File created successfully: /tmp/aeld-data/AhmedAdelWafdy75.txt
File created successfully: /tmp/aeld-data/AhmedAdelWafdy76.txt
File created successfully: /tmp/aeld-data/AhmedAdelWafdy77.txt
File created successfully: /tmp/aeld-data/AhmedAdelWafdy78.txt
File created successfully: /tmp/aeld-data/AhmedAdelWafdy79.txt
File created successfully: /tmp/aeld-data/AhmedAdelWafdy710.txt
failed: expected  The number of files are 10 and the number of matching lines are 10 in The number of files containing the search string 'AELD_IS_FUN' is: 10
The total number of matching lines found is: 10 but instead found
[0;31mValidation Error:finder-test.sh execution for default directory failed with return code 1[0m
Writing 10 files containing string AELD_IS_FUN to /tmp/aeld-data/7JWyRoAis0OTDPCTJfruCjS9yaCLwzfp
File created successfully: /tmp/aeld-data/7JWyRoAis0OTDPCTJfruCjS9yaCLwzfp/AhmedAdelWafdy71.txt
File created successfully: /tmp/aeld-data/7JWyRoAis0OTDPCTJfruCjS9yaCLwzfp/AhmedAdelWafdy72.txt
File created successfully: /tmp/aeld-data/7JWyRoAis0OTDPCTJfruCjS9yaCLwzfp/AhmedAdelWafdy73.txt
File created successfully: /tmp/aeld-data/7JWyRoAis0OTDPCTJfruCjS9yaCLwzfp/AhmedAdelWafdy74.txt
File created successfully: /tmp/aeld-data/7JWyRoAis0OTDPCTJfruCjS9yaCLwzfp/AhmedAdelWafdy75.txt
File created successfully: /tmp/aeld-data/7JWyRoAis0OTDPCTJfruCjS9yaCLwzfp/AhmedAdelWafdy76.txt
File created successfully: /tmp/aeld-data/7JWyRoAis0OTDPCTJfruCjS9yaCLwzfp/AhmedAdelWafdy77.txt
File created successfully: /tmp/aeld-data/7JWyRoAis0OTDPCTJfruCjS9yaCLwzfp/AhmedAdelWafdy78.txt
File created successfully: /tmp/aeld-data/7JWyRoAis0OTDPCTJfruCjS9yaCLwzfp/AhmedAdelWafdy79.txt
File created successfully: /tmp/aeld-data/7JWyRoAis0OTDPCTJfruCjS9yaCLwzfp/AhmedAdelWafdy710.txt
failed: expected  The number of files are 10 and the number of matching lines are 10 in The number of files containing the search string 'AELD_IS_FUN' is: 10
The total number of matching lines found is: 10 but instead found
[0;31mValidation Error:finder-test.sh execution for random directory failed with return code 1[0m
Validation failed with error list :finder-test.sh execution for default directory failed with return code 1:finder-test.sh execution for random directory failed with return code 1
Test of assignment assignment1 failed with rc=1
Running test with user benwafdy
-- Generating ;/home/benwafdy/aesd-assignments/assignment-autotest/test/assignment1/Test_hello_Runner.c;/home/benwafdy/aesd-assignments/assignment-autotest/test/assignment1/Test_assignment_validate_Runner.c;/home/benwafdy/aesd-assignments/assignment-autotest/../student-test/assignment1/Test_validate_username_Runner.c from test/assignment1/Test_hello.c;test/assignment1/Test_assignment_validate.c;../student-test/assignment1/Test_validate_username.c
-- Building executable including ;/home/benwafdy/aesd-assignments/assignment-autotest/test/assignment1/Test_hello_Runner.c;/home/benwafdy/aesd-assignments/assignment-autotest/test/assignment1/Test_assignment_validate_Runner.c;/home/benwafdy/aesd-assignments/assignment-autotest/../student-test/assignment1/Test_validate_username_Runner.c test/assignment1/Test_hello.c;test/assignment1/Test_assignment_validate.c;../student-test/assignment1/Test_validate_username.c and ../examples/autotest-validate/autotest-validate.c
-- Configuring done
-- Generating done
-- Build files have been written to: /home/benwafdy/aesd-assignments/build
[  8%] Building C object assignment-autotest/Unity/src/CMakeFiles/unity.dir/unity.c.o
[ 16%] Linking C static library libunity.a
[ 16%] Built target unity
[ 25%] Generating ../../assignment-autotest/test/assignment1/Test_hello_Runner.c, ../../assignment-autotest/test/assignment1/Test_assignment_validate_Runner.c, ../../student-test/assignment1/Test_validate_username_Runner.c, ../../assignment-autotest/test/unity_runner.c
Test files for auto dependency generation test/assignment1/Test_hello.c test/assignment1/Test_assignment_validate.c ../student-test/assignment1/Test_validate_username.c
Autogenerating runner for test/assignment1/Test_hello.c
Autogenerating runner for test/assignment1/Test_assignment_validate.c
Autogenerating runner for ../student-test/assignment1/Test_validate_username.c
Autogenerating test/unity_runner.c
[ 33%] Building C object assignment-autotest/CMakeFiles/assignment-autotest.dir/test/assignment1/Test_hello.c.o
[ 41%] Building C object assignment-autotest/CMakeFiles/assignment-autotest.dir/test/assignment1/Test_assignment_validate.c.o
[ 50%] Building C object assignment-autotest/CMakeFiles/assignment-autotest.dir/__/student-test/assignment1/Test_validate_username.c.o
[ 58%] Building C object assignment-autotest/CMakeFiles/assignment-autotest.dir/test/assignment1/Test_hello_Runner.c.o
[ 66%] Building C object assignment-autotest/CMakeFiles/assignment-autotest.dir/test/assignment1/Test_assignment_validate_Runner.c.o
[ 75%] Building C object assignment-autotest/CMakeFiles/assignment-autotest.dir/__/student-test/assignment1/Test_validate_username_Runner.c.o
[ 83%] Building C object assignment-autotest/CMakeFiles/assignment-autotest.dir/__/examples/autotest-validate/autotest-validate.c.o
[ 91%] Building C object assignment-autotest/CMakeFiles/assignment-autotest.dir/test/unity_runner.c.o
[100%] Linking C executable assignment-autotest
[100%] Built target assignment-autotest
/home/benwafdy/aesd-assignments/assignment-autotest/test/assignment1/Test_hello.c:6:test_hello:INFO: Hello!  Your unity setup is working!
/home/benwafdy/aesd-assignments/assignment-autotest/test/assignment1/Test_hello.c:4:test_hello:PASS

-----------------------
1 Tests 0 Failures 0 Ignored 
OK
/home/benwafdy/aesd-assignments/assignment-autotest/test/assignment1/Test_assignment_validate.c:9:test_assignment_validate:PASS

-----------------------
1 Tests 0 Failures 0 Ignored 
OK
Read AhmedAdelWafdy7 from conf/username.txt
/home/benwafdy/aesd-assignments/assignment-autotest/../student-test/assignment1/Test_validate_username.c:15:test_validate_my_username:PASS

-----------------------
1 Tests 0 Failures 0 Ignored 
OK
Executing assignment test script
~/aesd-assignments/assignment-autotest/test/assignment1 ~/aesd-assignments
~/aesd-assignments/finder-app ~/aesd-assignments/assignment-autotest/test/assignment1 ~/aesd-assignments
Error: Both file path and string to write must be specified.
Error: Both file path and string to write must be specified.
Using default value AELD_IS_FUN for string to write
Using default value 10 for number of files to write
Writing 10 files containing string AELD_IS_FUN to /tmp/aeld-data
File created successfully: /tmp/aeld-data/AhmedAdelWafdy7-1.txt
File created successfully: /tmp/aeld-data/AhmedAdelWafdy7-2.txt
File created successfully: /tmp/aeld-data/AhmedAdelWafdy7-3.txt
File created successfully: /tmp/aeld-data/AhmedAdelWafdy7-4.txt
File created successfully: /tmp/aeld-data/AhmedAdelWafdy7-5.txt
File created successfully: /tmp/aeld-data/AhmedAdelWafdy7-6.txt
File created successfully: /tmp/aeld-data/AhmedAdelWafdy7-7.txt
File created successfully: /tmp/aeld-data/AhmedAdelWafdy7-8.txt
File created successfully: /tmp/aeld-data/AhmedAdelWafdy7-9.txt
File created successfully: /tmp/aeld-data/AhmedAdelWafdy7-10.txt
The number of files containing the search string 'AELD_IS_FUN' is: 10
The total number of matching lines found is: 10
success
Writing 10 files containing string AELD_IS_FUN to /tmp/aeld-data/jMbfLy3EG9YlxWqLp7ZWkoKPJCHPuF1r
File created successfully: /tmp/aeld-data/jMbfLy3EG9YlxWqLp7ZWkoKPJCHPuF1r/AhmedAdelWafdy7-1.txt
File created successfully: /tmp/aeld-data/jMbfLy3EG9YlxWqLp7ZWkoKPJCHPuF1r/AhmedAdelWafdy7-2.txt
File created successfully: /tmp/aeld-data/jMbfLy3EG9YlxWqLp7ZWkoKPJCHPuF1r/AhmedAdelWafdy7-3.txt
File created successfully: /tmp/aeld-data/jMbfLy3EG9YlxWqLp7ZWkoKPJCHPuF1r/AhmedAdelWafdy7-4.txt
File created successfully: /tmp/aeld-data/jMbfLy3EG9YlxWqLp7ZWkoKPJCHPuF1r/AhmedAdelWafdy7-5.txt
File created successfully: /tmp/aeld-data/jMbfLy3EG9YlxWqLp7ZWkoKPJCHPuF1r/AhmedAdelWafdy7-6.txt
File created successfully: /tmp/aeld-data/jMbfLy3EG9YlxWqLp7ZWkoKPJCHPuF1r/AhmedAdelWafdy7-7.txt
File created successfully: /tmp/aeld-data/jMbfLy3EG9YlxWqLp7ZWkoKPJCHPuF1r/AhmedAdelWafdy7-8.txt
File created successfully: /tmp/aeld-data/jMbfLy3EG9YlxWqLp7ZWkoKPJCHPuF1r/AhmedAdelWafdy7-9.txt
File created successfully: /tmp/aeld-data/jMbfLy3EG9YlxWqLp7ZWkoKPJCHPuF1r/AhmedAdelWafdy7-10.txt
The number of files containing the search string 'AELD_IS_FUN' is: 10
The total number of matching lines found is: 10
success
Test of assignment assignment1 complete with success
Running test with user benwafdy
-- Generating ;/home/benwafdy/aesd-assignments/assignment-autotest/test/assignment1/Test_hello_Runner.c;/home/benwafdy/aesd-assignments/assignment-autotest/test/assignment1/Test_assignment_validate_Runner.c;/home/benwafdy/aesd-assignments/assignment-autotest/../student-test/assignment1/Test_validate_username_Runner.c from test/assignment1/Test_hello.c;test/assignment1/Test_assignment_validate.c;../student-test/assignment1/Test_validate_username.c
-- Building executable including ;/home/benwafdy/aesd-assignments/assignment-autotest/test/assignment1/Test_hello_Runner.c;/home/benwafdy/aesd-assignments/assignment-autotest/test/assignment1/Test_assignment_validate_Runner.c;/home/benwafdy/aesd-assignments/assignment-autotest/../student-test/assignment1/Test_validate_username_Runner.c test/assignment1/Test_hello.c;test/assignment1/Test_assignment_validate.c;../student-test/assignment1/Test_validate_username.c and ../examples/autotest-validate/autotest-validate.c
-- Configuring done
-- Generating done
-- Build files have been written to: /home/benwafdy/aesd-assignments/build
[  8%] Building C object assignment-autotest/Unity/src/CMakeFiles/unity.dir/unity.c.o
[ 16%] Linking C static library libunity.a
[ 16%] Built target unity
[ 25%] Generating ../../assignment-autotest/test/assignment1/Test_hello_Runner.c, ../../assignment-autotest/test/assignment1/Test_assignment_validate_Runner.c, ../../student-test/assignment1/Test_validate_username_Runner.c, ../../assignment-autotest/test/unity_runner.c
Test files for auto dependency generation test/assignment1/Test_hello.c test/assignment1/Test_assignment_validate.c ../student-test/assignment1/Test_validate_username.c
Autogenerating runner for test/assignment1/Test_hello.c
Autogenerating runner for test/assignment1/Test_assignment_validate.c
Autogenerating runner for ../student-test/assignment1/Test_validate_username.c
Autogenerating test/unity_runner.c
[ 33%] Building C object assignment-autotest/CMakeFiles/assignment-autotest.dir/test/assignment1/Test_hello.c.o
[ 41%] Building C object assignment-autotest/CMakeFiles/assignment-autotest.dir/test/assignment1/Test_assignment_validate.c.o
[ 50%] Building C object assignment-autotest/CMakeFiles/assignment-autotest.dir/__/student-test/assignment1/Test_validate_username.c.o
[ 58%] Building C object assignment-autotest/CMakeFiles/assignment-autotest.dir/test/assignment1/Test_hello_Runner.c.o
[ 66%] Building C object assignment-autotest/CMakeFiles/assignment-autotest.dir/test/assignment1/Test_assignment_validate_Runner.c.o
[ 75%] Building C object assignment-autotest/CMakeFiles/assignment-autotest.dir/__/student-test/assignment1/Test_validate_username_Runner.c.o
[ 83%] Building C object assignment-autotest/CMakeFiles/assignment-autotest.dir/__/examples/autotest-validate/autotest-validate.c.o
[ 91%] Building C object assignment-autotest/CMakeFiles/assignment-autotest.dir/test/unity_runner.c.o
[100%] Linking C executable assignment-autotest
[100%] Built target assignment-autotest
/home/benwafdy/aesd-assignments/assignment-autotest/test/assignment1/Test_hello.c:6:test_hello:INFO: Hello!  Your unity setup is working!
/home/benwafdy/aesd-assignments/assignment-autotest/test/assignment1/Test_hello.c:4:test_hello:PASS

-----------------------
1 Tests 0 Failures 0 Ignored 
OK
/home/benwafdy/aesd-assignments/assignment-autotest/test/assignment1/Test_assignment_validate.c:9:test_assignment_validate:PASS

-----------------------
1 Tests 0 Failures 0 Ignored 
OK
Read AhmedAdelWafdy7 from conf/username.txt
/home/benwafdy/aesd-assignments/assignment-autotest/../student-test/assignment1/Test_validate_username.c:15:test_validate_my_username:PASS

-----------------------
1 Tests 0 Failures 0 Ignored 
OK
Executing assignment test script
~/aesd-assignments/assignment-autotest/test/assignment1 ~/aesd-assignments
~/aesd-assignments/finder-app ~/aesd-assignments/assignment-autotest/test/assignment1 ~/aesd-assignments
Error: Both file path and string to write must be specified.
Error: Both file path and string to write must be specified.
Using default value AELD_IS_FUN for string to write
Using default value 10 for number of files to write
Writing 10 files containing string AELD_IS_FUN to /tmp/aeld-data
File created successfully: /tmp/aeld-data/AhmedAdelWafdy7-1.txt
File created successfully: /tmp/aeld-data/AhmedAdelWafdy7-2.txt
File created successfully: /tmp/aeld-data/AhmedAdelWafdy7-3.txt
File created successfully: /tmp/aeld-data/AhmedAdelWafdy7-4.txt
File created successfully: /tmp/aeld-data/AhmedAdelWafdy7-5.txt
File created successfully: /tmp/aeld-data/AhmedAdelWafdy7-6.txt
File created successfully: /tmp/aeld-data/AhmedAdelWafdy7-7.txt
File created successfully: /tmp/aeld-data/AhmedAdelWafdy7-8.txt
File created successfully: /tmp/aeld-data/AhmedAdelWafdy7-9.txt
File created successfully: /tmp/aeld-data/AhmedAdelWafdy7-10.txt
The number of files containing the search string 'AELD_IS_FUN' is: 10
The total number of matching lines found is: 10
success
Writing 10 files containing string AELD_IS_FUN to /tmp/aeld-data/7anKfsO6Hbu7yJUpTCk9GVCy7a5vpslu
File created successfully: /tmp/aeld-data/7anKfsO6Hbu7yJUpTCk9GVCy7a5vpslu/AhmedAdelWafdy7-1.txt
File created successfully: /tmp/aeld-data/7anKfsO6Hbu7yJUpTCk9GVCy7a5vpslu/AhmedAdelWafdy7-2.txt
File created successfully: /tmp/aeld-data/7anKfsO6Hbu7yJUpTCk9GVCy7a5vpslu/AhmedAdelWafdy7-3.txt
File created successfully: /tmp/aeld-data/7anKfsO6Hbu7yJUpTCk9GVCy7a5vpslu/AhmedAdelWafdy7-4.txt
File created successfully: /tmp/aeld-data/7anKfsO6Hbu7yJUpTCk9GVCy7a5vpslu/AhmedAdelWafdy7-5.txt
File created successfully: /tmp/aeld-data/7anKfsO6Hbu7yJUpTCk9GVCy7a5vpslu/AhmedAdelWafdy7-6.txt
File created successfully: /tmp/aeld-data/7anKfsO6Hbu7yJUpTCk9GVCy7a5vpslu/AhmedAdelWafdy7-7.txt
File created successfully: /tmp/aeld-data/7anKfsO6Hbu7yJUpTCk9GVCy7a5vpslu/AhmedAdelWafdy7-8.txt
File created successfully: /tmp/aeld-data/7anKfsO6Hbu7yJUpTCk9GVCy7a5vpslu/AhmedAdelWafdy7-9.txt
File created successfully: /tmp/aeld-data/7anKfsO6Hbu7yJUpTCk9GVCy7a5vpslu/AhmedAdelWafdy7-10.txt
The number of files containing the search string 'AELD_IS_FUN' is: 10
The total number of matching lines found is: 10
success
Test of assignment assignment1 complete with success
Running test with user benwafdy
-- Generating ;/home/benwafdy/aesd-assignments/assignment-autotest/test/assignment1/Test_hello_Runner.c;/home/benwafdy/aesd-assignments/assignment-autotest/test/assignment1/Test_assignment_validate_Runner.c;/home/benwafdy/aesd-assignments/assignment-autotest/../student-test/assignment1/Test_validate_username_Runner.c from test/assignment1/Test_hello.c;test/assignment1/Test_assignment_validate.c;../student-test/assignment1/Test_validate_username.c
-- Building executable including ;/home/benwafdy/aesd-assignments/assignment-autotest/test/assignment1/Test_hello_Runner.c;/home/benwafdy/aesd-assignments/assignment-autotest/test/assignment1/Test_assignment_validate_Runner.c;/home/benwafdy/aesd-assignments/assignment-autotest/../student-test/assignment1/Test_validate_username_Runner.c test/assignment1/Test_hello.c;test/assignment1/Test_assignment_validate.c;../student-test/assignment1/Test_validate_username.c and ../examples/autotest-validate/autotest-validate.c
-- Configuring done
-- Generating done
-- Build files have been written to: /home/benwafdy/aesd-assignments/build
[  8%] Building C object assignment-autotest/Unity/src/CMakeFiles/unity.dir/unity.c.o
[ 16%] Linking C static library libunity.a
[ 16%] Built target unity
[ 25%] Generating ../../assignment-autotest/test/assignment1/Test_hello_Runner.c, ../../assignment-autotest/test/assignment1/Test_assignment_validate_Runner.c, ../../student-test/assignment1/Test_validate_username_Runner.c, ../../assignment-autotest/test/unity_runner.c
Test files for auto dependency generation test/assignment1/Test_hello.c test/assignment1/Test_assignment_validate.c ../student-test/assignment1/Test_validate_username.c
Autogenerating runner for test/assignment1/Test_hello.c
Autogenerating runner for test/assignment1/Test_assignment_validate.c
Autogenerating runner for ../student-test/assignment1/Test_validate_username.c
Autogenerating test/unity_runner.c
[ 33%] Building C object assignment-autotest/CMakeFiles/assignment-autotest.dir/test/assignment1/Test_hello.c.o
[ 41%] Building C object assignment-autotest/CMakeFiles/assignment-autotest.dir/test/assignment1/Test_assignment_validate.c.o
[ 50%] Building C object assignment-autotest/CMakeFiles/assignment-autotest.dir/__/student-test/assignment1/Test_validate_username.c.o
[ 58%] Building C object assignment-autotest/CMakeFiles/assignment-autotest.dir/test/assignment1/Test_hello_Runner.c.o
[ 66%] Building C object assignment-autotest/CMakeFiles/assignment-autotest.dir/test/assignment1/Test_assignment_validate_Runner.c.o
[ 75%] Building C object assignment-autotest/CMakeFiles/assignment-autotest.dir/__/student-test/assignment1/Test_validate_username_Runner.c.o
[ 83%] Building C object assignment-autotest/CMakeFiles/assignment-autotest.dir/__/examples/autotest-validate/autotest-validate.c.o
[ 91%] Building C object assignment-autotest/CMakeFiles/assignment-autotest.dir/test/unity_runner.c.o
[100%] Linking C executable assignment-autotest
[100%] Built target assignment-autotest
/home/benwafdy/aesd-assignments/assignment-autotest/test/assignment1/Test_hello.c:6:test_hello:INFO: Hello!  Your unity setup is working!
/home/benwafdy/aesd-assignments/assignment-autotest/test/assignment1/Test_hello.c:4:test_hello:PASS

-----------------------
1 Tests 0 Failures 0 Ignored 
OK
/home/benwafdy/aesd-assignments/assignment-autotest/test/assignment1/Test_assignment_validate.c:9:test_assignment_validate:PASS

-----------------------
1 Tests 0 Failures 0 Ignored 
OK
Read AhmedAdelWafdy7 from conf/username.txt
/home/benwafdy/aesd-assignments/assignment-autotest/../student-test/assignment1/Test_validate_username.c:15:test_validate_my_username:PASS

-----------------------
1 Tests 0 Failures 0 Ignored 
OK
Executing assignment test script
~/aesd-assignments/assignment-autotest/test/assignment1 ~/aesd-assignments
~/aesd-assignments/finder-app ~/aesd-assignments/assignment-autotest/test/assignment1 ~/aesd-assignments
Error: Both file path and string to write must be specified.
Error: Both file path and string to write must be specified.
Using default value AELD_IS_FUN for string to write
Using default value 10 for number of files to write
Writing 10 files containing string AELD_IS_FUN to /tmp/aeld-data
File created successfully: /tmp/aeld-data/AhmedAdelWafdy7-1.txt
File created successfully: /tmp/aeld-data/AhmedAdelWafdy7-2.txt
File created successfully: /tmp/aeld-data/AhmedAdelWafdy7-3.txt
File created successfully: /tmp/aeld-data/AhmedAdelWafdy7-4.txt
File created successfully: /tmp/aeld-data/AhmedAdelWafdy7-5.txt
File created successfully: /tmp/aeld-data/AhmedAdelWafdy7-6.txt
File created successfully: /tmp/aeld-data/AhmedAdelWafdy7-7.txt
File created successfully: /tmp/aeld-data/AhmedAdelWafdy7-8.txt
File created successfully: /tmp/aeld-data/AhmedAdelWafdy7-9.txt
File created successfully: /tmp/aeld-data/AhmedAdelWafdy7-10.txt
The number of files containing the search string 'AELD_IS_FUN' is: 10
The total number of matching lines found is: 10
success
Writing 10 files containing string AELD_IS_FUN to /tmp/aeld-data/MThQaWSK69WF6S9EpaxWv4S3tersZSvq
File created successfully: /tmp/aeld-data/MThQaWSK69WF6S9EpaxWv4S3tersZSvq/AhmedAdelWafdy7-1.txt
File created successfully: /tmp/aeld-data/MThQaWSK69WF6S9EpaxWv4S3tersZSvq/AhmedAdelWafdy7-2.txt
File created successfully: /tmp/aeld-data/MThQaWSK69WF6S9EpaxWv4S3tersZSvq/AhmedAdelWafdy7-3.txt
File created successfully: /tmp/aeld-data/MThQaWSK69WF6S9EpaxWv4S3tersZSvq/AhmedAdelWafdy7-4.txt
File created successfully: /tmp/aeld-data/MThQaWSK69WF6S9EpaxWv4S3tersZSvq/AhmedAdelWafdy7-5.txt
File created successfully: /tmp/aeld-data/MThQaWSK69WF6S9EpaxWv4S3tersZSvq/AhmedAdelWafdy7-6.txt
File created successfully: /tmp/aeld-data/MThQaWSK69WF6S9EpaxWv4S3tersZSvq/AhmedAdelWafdy7-7.txt
File created successfully: /tmp/aeld-data/MThQaWSK69WF6S9EpaxWv4S3tersZSvq/AhmedAdelWafdy7-8.txt
File created successfully: /tmp/aeld-data/MThQaWSK69WF6S9EpaxWv4S3tersZSvq/AhmedAdelWafdy7-9.txt
File created successfully: /tmp/aeld-data/MThQaWSK69WF6S9EpaxWv4S3tersZSvq/AhmedAdelWafdy7-10.txt
The number of files containing the search string 'AELD_IS_FUN' is: 10
The total number of matching lines found is: 10
success
Test of assignment assignment1 complete with success
Running test with user benwafdy
-- Generating ;/home/benwafdy/aesd-assignments/assignment-autotest/test/assignment1/Test_hello_Runner.c;/home/benwafdy/aesd-assignments/assignment-autotest/test/assignment1/Test_assignment_validate_Runner.c;/home/benwafdy/aesd-assignments/assignment-autotest/../student-test/assignment1/Test_validate_username_Runner.c from test/assignment1/Test_hello.c;test/assignment1/Test_assignment_validate.c;../student-test/assignment1/Test_validate_username.c
-- Building executable including ;/home/benwafdy/aesd-assignments/assignment-autotest/test/assignment1/Test_hello_Runner.c;/home/benwafdy/aesd-assignments/assignment-autotest/test/assignment1/Test_assignment_validate_Runner.c;/home/benwafdy/aesd-assignments/assignment-autotest/../student-test/assignment1/Test_validate_username_Runner.c test/assignment1/Test_hello.c;test/assignment1/Test_assignment_validate.c;../student-test/assignment1/Test_validate_username.c and ../examples/autotest-validate/autotest-validate.c
-- Configuring done
-- Generating done
-- Build files have been written to: /home/benwafdy/aesd-assignments/build
[  8%] Building C object assignment-autotest/Unity/src/CMakeFiles/unity.dir/unity.c.o
[ 16%] Linking C static library libunity.a
[ 16%] Built target unity
[ 25%] Generating ../../assignment-autotest/test/assignment1/Test_hello_Runner.c, ../../assignment-autotest/test/assignment1/Test_assignment_validate_Runner.c, ../../student-test/assignment1/Test_validate_username_Runner.c, ../../assignment-autotest/test/unity_runner.c
Test files for auto dependency generation test/assignment1/Test_hello.c test/assignment1/Test_assignment_validate.c ../student-test/assignment1/Test_validate_username.c
Autogenerating runner for test/assignment1/Test_hello.c
Autogenerating runner for test/assignment1/Test_assignment_validate.c
Autogenerating runner for ../student-test/assignment1/Test_validate_username.c
Autogenerating test/unity_runner.c
[ 33%] Building C object assignment-autotest/CMakeFiles/assignment-autotest.dir/test/assignment1/Test_hello.c.o
[ 41%] Building C object assignment-autotest/CMakeFiles/assignment-autotest.dir/test/assignment1/Test_assignment_validate.c.o
[ 50%] Building C object assignment-autotest/CMakeFiles/assignment-autotest.dir/__/student-test/assignment1/Test_validate_username.c.o
[ 58%] Building C object assignment-autotest/CMakeFiles/assignment-autotest.dir/test/assignment1/Test_hello_Runner.c.o
[ 66%] Building C object assignment-autotest/CMakeFiles/assignment-autotest.dir/test/assignment1/Test_assignment_validate_Runner.c.o
[ 75%] Building C object assignment-autotest/CMakeFiles/assignment-autotest.dir/__/student-test/assignment1/Test_validate_username_Runner.c.o
[ 83%] Building C object assignment-autotest/CMakeFiles/assignment-autotest.dir/__/examples/autotest-validate/autotest-validate.c.o
[ 91%] Building C object assignment-autotest/CMakeFiles/assignment-autotest.dir/test/unity_runner.c.o
[100%] Linking C executable assignment-autotest
[100%] Built target assignment-autotest
/home/benwafdy/aesd-assignments/assignment-autotest/test/assignment1/Test_hello.c:6:test_hello:INFO: Hello!  Your unity setup is working!
/home/benwafdy/aesd-assignments/assignment-autotest/test/assignment1/Test_hello.c:4:test_hello:PASS

-----------------------
1 Tests 0 Failures 0 Ignored 
OK
/home/benwafdy/aesd-assignments/assignment-autotest/test/assignment1/Test_assignment_validate.c:9:test_assignment_validate:PASS

-----------------------
1 Tests 0 Failures 0 Ignored 
OK
Read AhmedAdelWafdy7 from conf/username.txt
/home/benwafdy/aesd-assignments/assignment-autotest/../student-test/assignment1/Test_validate_username.c:15:test_validate_my_username:PASS

-----------------------
1 Tests 0 Failures 0 Ignored 
OK
Executing assignment test script
~/aesd-assignments/assignment-autotest/test/assignment1 ~/aesd-assignments
~/aesd-assignments/finder-app ~/aesd-assignments/assignment-autotest/test/assignment1 ~/aesd-assignments
Error: Both file path and string to write must be specified.
Error: Both file path and string to write must be specified.
Using default value AELD_IS_FUN for string to write
Using default value 10 for number of files to write
Writing 10 files containing string AELD_IS_FUN to /tmp/aeld-data
File created successfully: /tmp/aeld-data/AhmedAdelWafdy7-1.txt
File created successfully: /tmp/aeld-data/AhmedAdelWafdy7-2.txt
File created successfully: /tmp/aeld-data/AhmedAdelWafdy7-3.txt
File created successfully: /tmp/aeld-data/AhmedAdelWafdy7-4.txt
File created successfully: /tmp/aeld-data/AhmedAdelWafdy7-5.txt
File created successfully: /tmp/aeld-data/AhmedAdelWafdy7-6.txt
File created successfully: /tmp/aeld-data/AhmedAdelWafdy7-7.txt
File created successfully: /tmp/aeld-data/AhmedAdelWafdy7-8.txt
File created successfully: /tmp/aeld-data/AhmedAdelWafdy7-9.txt
File created successfully: /tmp/aeld-data/AhmedAdelWafdy7-10.txt
The number of files containing the search string 'AELD_IS_FUN' is: 10
The total number of matching lines found is: 10
success
Writing 10 files containing string AELD_IS_FUN to /tmp/aeld-data/dyfoUJUPMgwF420JuDI6yPwuK3xQJIzX
File created successfully: /tmp/aeld-data/dyfoUJUPMgwF420JuDI6yPwuK3xQJIzX/AhmedAdelWafdy7-1.txt
File created successfully: /tmp/aeld-data/dyfoUJUPMgwF420JuDI6yPwuK3xQJIzX/AhmedAdelWafdy7-2.txt
File created successfully: /tmp/aeld-data/dyfoUJUPMgwF420JuDI6yPwuK3xQJIzX/AhmedAdelWafdy7-3.txt
File created successfully: /tmp/aeld-data/dyfoUJUPMgwF420JuDI6yPwuK3xQJIzX/AhmedAdelWafdy7-4.txt
File created successfully: /tmp/aeld-data/dyfoUJUPMgwF420JuDI6yPwuK3xQJIzX/AhmedAdelWafdy7-5.txt
File created successfully: /tmp/aeld-data/dyfoUJUPMgwF420JuDI6yPwuK3xQJIzX/AhmedAdelWafdy7-6.txt
File created successfully: /tmp/aeld-data/dyfoUJUPMgwF420JuDI6yPwuK3xQJIzX/AhmedAdelWafdy7-7.txt
File created successfully: /tmp/aeld-data/dyfoUJUPMgwF420JuDI6yPwuK3xQJIzX/AhmedAdelWafdy7-8.txt
File created successfully: /tmp/aeld-data/dyfoUJUPMgwF420JuDI6yPwuK3xQJIzX/AhmedAdelWafdy7-9.txt
File created successfully: /tmp/aeld-data/dyfoUJUPMgwF420JuDI6yPwuK3xQJIzX/AhmedAdelWafdy7-10.txt
The number of files containing the search string 'AELD_IS_FUN' is: 10
The total number of matching lines found is: 10
success
Test of assignment assignment1 complete with success
Running test with user benwafdy
-- Generating ;/home/benwafdy/aesd-assignments/assignment-autotest/test/assignment1/Test_hello_Runner.c;/home/benwafdy/aesd-assignments/assignment-autotest/test/assignment1/Test_assignment_validate_Runner.c;/home/benwafdy/aesd-assignments/assignment-autotest/../student-test/assignment1/Test_validate_username_Runner.c from test/assignment1/Test_hello.c;test/assignment1/Test_assignment_validate.c;../student-test/assignment1/Test_validate_username.c
-- Building executable including ;/home/benwafdy/aesd-assignments/assignment-autotest/test/assignment1/Test_hello_Runner.c;/home/benwafdy/aesd-assignments/assignment-autotest/test/assignment1/Test_assignment_validate_Runner.c;/home/benwafdy/aesd-assignments/assignment-autotest/../student-test/assignment1/Test_validate_username_Runner.c test/assignment1/Test_hello.c;test/assignment1/Test_assignment_validate.c;../student-test/assignment1/Test_validate_username.c and ../examples/autotest-validate/autotest-validate.c
-- Configuring done
-- Generating done
-- Build files have been written to: /home/benwafdy/aesd-assignments/build
[  8%] Building C object assignment-autotest/Unity/src/CMakeFiles/unity.dir/unity.c.o
[ 16%] Linking C static library libunity.a
[ 16%] Built target unity
[ 25%] Generating ../../assignment-autotest/test/assignment1/Test_hello_Runner.c, ../../assignment-autotest/test/assignment1/Test_assignment_validate_Runner.c, ../../student-test/assignment1/Test_validate_username_Runner.c, ../../assignment-autotest/test/unity_runner.c
Test files for auto dependency generation test/assignment1/Test_hello.c test/assignment1/Test_assignment_validate.c ../student-test/assignment1/Test_validate_username.c
Autogenerating runner for test/assignment1/Test_hello.c
Autogenerating runner for test/assignment1/Test_assignment_validate.c
Autogenerating runner for ../student-test/assignment1/Test_validate_username.c
Autogenerating test/unity_runner.c
[ 33%] Building C object assignment-autotest/CMakeFiles/assignment-autotest.dir/test/assignment1/Test_hello.c.o
[ 41%] Building C object assignment-autotest/CMakeFiles/assignment-autotest.dir/test/assignment1/Test_assignment_validate.c.o
[ 50%] Building C object assignment-autotest/CMakeFiles/assignment-autotest.dir/__/student-test/assignment1/Test_validate_username.c.o
[ 58%] Building C object assignment-autotest/CMakeFiles/assignment-autotest.dir/test/assignment1/Test_hello_Runner.c.o
[ 66%] Building C object assignment-autotest/CMakeFiles/assignment-autotest.dir/test/assignment1/Test_assignment_validate_Runner.c.o
[ 75%] Building C object assignment-autotest/CMakeFiles/assignment-autotest.dir/__/student-test/assignment1/Test_validate_username_Runner.c.o
[ 83%] Building C object assignment-autotest/CMakeFiles/assignment-autotest.dir/__/examples/autotest-validate/autotest-validate.c.o
[ 91%] Building C object assignment-autotest/CMakeFiles/assignment-autotest.dir/test/unity_runner.c.o
[100%] Linking C executable assignment-autotest
[100%] Built target assignment-autotest
/home/benwafdy/aesd-assignments/assignment-autotest/test/assignment1/Test_hello.c:6:test_hello:INFO: Hello!  Your unity setup is working!
/home/benwafdy/aesd-assignments/assignment-autotest/test/assignment1/Test_hello.c:4:test_hello:PASS

-----------------------
1 Tests 0 Failures 0 Ignored 
OK
/home/benwafdy/aesd-assignments/assignment-autotest/test/assignment1/Test_assignment_validate.c:9:test_assignment_validate:PASS

-----------------------
1 Tests 0 Failures 0 Ignored 
OK
Read AhmedAdelWafdy7 from conf/username.txt
/home/benwafdy/aesd-assignments/assignment-autotest/../student-test/assignment1/Test_validate_username.c:15:test_validate_my_username:PASS

-----------------------
1 Tests 0 Failures 0 Ignored 
OK
Executing assignment test script
~/aesd-assignments/assignment-autotest/test/assignment1 ~/aesd-assignments
~/aesd-assignments/finder-app ~/aesd-assignments/assignment-autotest/test/assignment1 ~/aesd-assignments
Error: Both file path and string to write must be specified.
Error: Both file path and string to write must be specified.
Using default value AELD_IS_FUN for string to write
Using default value 10 for number of files to write
Writing 10 files containing string AELD_IS_FUN to /tmp/aeld-data
File created successfully: /tmp/aeld-data/AhmedAdelWafdy7-1.txt
File created successfully: /tmp/aeld-data/AhmedAdelWafdy7-2.txt
File created successfully: /tmp/aeld-data/AhmedAdelWafdy7-3.txt
File created successfully: /tmp/aeld-data/AhmedAdelWafdy7-4.txt
File created successfully: /tmp/aeld-data/AhmedAdelWafdy7-5.txt
File created successfully: /tmp/aeld-data/AhmedAdelWafdy7-6.txt
File created successfully: /tmp/aeld-data/AhmedAdelWafdy7-7.txt
File created successfully: /tmp/aeld-data/AhmedAdelWafdy7-8.txt
File created successfully: /tmp/aeld-data/AhmedAdelWafdy7-9.txt
File created successfully: /tmp/aeld-data/AhmedAdelWafdy7-10.txt
The number of files containing the search string 'AELD_IS_FUN' is: 10
The total number of matching lines found is: 10
success
Writing 10 files containing string AELD_IS_FUN to /tmp/aeld-data/1UhpTAngzACvxH9O6qhpQx2cw8GneTCu
File created successfully: /tmp/aeld-data/1UhpTAngzACvxH9O6qhpQx2cw8GneTCu/AhmedAdelWafdy7-1.txt
File created successfully: /tmp/aeld-data/1UhpTAngzACvxH9O6qhpQx2cw8GneTCu/AhmedAdelWafdy7-2.txt
File created successfully: /tmp/aeld-data/1UhpTAngzACvxH9O6qhpQx2cw8GneTCu/AhmedAdelWafdy7-3.txt
File created successfully: /tmp/aeld-data/1UhpTAngzACvxH9O6qhpQx2cw8GneTCu/AhmedAdelWafdy7-4.txt
File created successfully: /tmp/aeld-data/1UhpTAngzACvxH9O6qhpQx2cw8GneTCu/AhmedAdelWafdy7-5.txt
File created successfully: /tmp/aeld-data/1UhpTAngzACvxH9O6qhpQx2cw8GneTCu/AhmedAdelWafdy7-6.txt
File created successfully: /tmp/aeld-data/1UhpTAngzACvxH9O6qhpQx2cw8GneTCu/AhmedAdelWafdy7-7.txt
File created successfully: /tmp/aeld-data/1UhpTAngzACvxH9O6qhpQx2cw8GneTCu/AhmedAdelWafdy7-8.txt
File created successfully: /tmp/aeld-data/1UhpTAngzACvxH9O6qhpQx2cw8GneTCu/AhmedAdelWafdy7-9.txt
File created successfully: /tmp/aeld-data/1UhpTAngzACvxH9O6qhpQx2cw8GneTCu/AhmedAdelWafdy7-10.txt
The number of files containing the search string 'AELD_IS_FUN' is: 10
The total number of matching lines found is: 10
success
Test of assignment assignment1 complete with success
Running test with user benwafdy
-- Generating ;/home/benwafdy/aesd-assignments/assignment-autotest/test/assignment1/Test_hello_Runner.c;/home/benwafdy/aesd-assignments/assignment-autotest/test/assignment1/Test_assignment_validate_Runner.c;/home/benwafdy/aesd-assignments/assignment-autotest/../student-test/assignment1/Test_validate_username_Runner.c from test/assignment1/Test_hello.c;test/assignment1/Test_assignment_validate.c;../student-test/assignment1/Test_validate_username.c
-- Building executable including ;/home/benwafdy/aesd-assignments/assignment-autotest/test/assignment1/Test_hello_Runner.c;/home/benwafdy/aesd-assignments/assignment-autotest/test/assignment1/Test_assignment_validate_Runner.c;/home/benwafdy/aesd-assignments/assignment-autotest/../student-test/assignment1/Test_validate_username_Runner.c test/assignment1/Test_hello.c;test/assignment1/Test_assignment_validate.c;../student-test/assignment1/Test_validate_username.c and ../examples/autotest-validate/autotest-validate.c
-- Configuring done
-- Generating done
-- Build files have been written to: /home/benwafdy/aesd-assignments/build
[  8%] Building C object assignment-autotest/Unity/src/CMakeFiles/unity.dir/unity.c.o
[ 16%] Linking C static library libunity.a
[ 16%] Built target unity
[ 25%] Generating ../../assignment-autotest/test/assignment1/Test_hello_Runner.c, ../../assignment-autotest/test/assignment1/Test_assignment_validate_Runner.c, ../../student-test/assignment1/Test_validate_username_Runner.c, ../../assignment-autotest/test/unity_runner.c
Test files for auto dependency generation test/assignment1/Test_hello.c test/assignment1/Test_assignment_validate.c ../student-test/assignment1/Test_validate_username.c
Autogenerating runner for test/assignment1/Test_hello.c
Autogenerating runner for test/assignment1/Test_assignment_validate.c
Autogenerating runner for ../student-test/assignment1/Test_validate_username.c
Autogenerating test/unity_runner.c
[ 33%] Building C object assignment-autotest/CMakeFiles/assignment-autotest.dir/test/assignment1/Test_hello.c.o
[ 41%] Building C object assignment-autotest/CMakeFiles/assignment-autotest.dir/test/assignment1/Test_assignment_validate.c.o
[ 50%] Building C object assignment-autotest/CMakeFiles/assignment-autotest.dir/__/student-test/assignment1/Test_validate_username.c.o
[ 58%] Building C object assignment-autotest/CMakeFiles/assignment-autotest.dir/test/assignment1/Test_hello_Runner.c.o
[ 66%] Building C object assignment-autotest/CMakeFiles/assignment-autotest.dir/test/assignment1/Test_assignment_validate_Runner.c.o
[ 75%] Building C object assignment-autotest/CMakeFiles/assignment-autotest.dir/__/student-test/assignment1/Test_validate_username_Runner.c.o
[ 83%] Building C object assignment-autotest/CMakeFiles/assignment-autotest.dir/__/examples/autotest-validate/autotest-validate.c.o
[ 91%] Building C object assignment-autotest/CMakeFiles/assignment-autotest.dir/test/unity_runner.c.o
[100%] Linking C executable assignment-autotest
[100%] Built target assignment-autotest
/home/benwafdy/aesd-assignments/assignment-autotest/test/assignment1/Test_hello.c:6:test_hello:INFO: Hello!  Your unity setup is working!
/home/benwafdy/aesd-assignments/assignment-autotest/test/assignment1/Test_hello.c:4:test_hello:PASS

-----------------------
1 Tests 0 Failures 0 Ignored 
OK
/home/benwafdy/aesd-assignments/assignment-autotest/test/assignment1/Test_assignment_validate.c:9:test_assignment_validate:PASS

-----------------------
1 Tests 0 Failures 0 Ignored 
OK
Read AhmedAdelWafdy7 from conf/username.txt
/home/benwafdy/aesd-assignments/assignment-autotest/../student-test/assignment1/Test_validate_username.c:15:test_validate_my_username:PASS

-----------------------
1 Tests 0 Failures 0 Ignored 
OK
Executing assignment test script
~/aesd-assignments/assignment-autotest/test/assignment1 ~/aesd-assignments
~/aesd-assignments/finder-app ~/aesd-assignments/assignment-autotest/test/assignment1 ~/aesd-assignments
Error: Both file path and string to write must be specified.
Error: Both file path and string to write must be specified.
Using default value AELD_IS_FUN for string to write
Using default value 10 for number of files to write
Writing 10 files containing string AELD_IS_FUN to /tmp/aeld-data
File created successfully: /tmp/aeld-data/AhmedAdelWafdy7-1.txt
File created successfully: /tmp/aeld-data/AhmedAdelWafdy7-2.txt
File created successfully: /tmp/aeld-data/AhmedAdelWafdy7-3.txt
File created successfully: /tmp/aeld-data/AhmedAdelWafdy7-4.txt
File created successfully: /tmp/aeld-data/AhmedAdelWafdy7-5.txt
File created successfully: /tmp/aeld-data/AhmedAdelWafdy7-6.txt
File created successfully: /tmp/aeld-data/AhmedAdelWafdy7-7.txt
File created successfully: /tmp/aeld-data/AhmedAdelWafdy7-8.txt
File created successfully: /tmp/aeld-data/AhmedAdelWafdy7-9.txt
File created successfully: /tmp/aeld-data/AhmedAdelWafdy7-10.txt
The number of files containing the search string 'AELD_IS_FUN' is: 10
The total number of matching lines found is: 10
success
Writing 10 files containing string AELD_IS_FUN to /tmp/aeld-data/j7U7YbHJpXMscchEUTTaiPaKTowDND3e
File created successfully: /tmp/aeld-data/j7U7YbHJpXMscchEUTTaiPaKTowDND3e/AhmedAdelWafdy7-1.txt
File created successfully: /tmp/aeld-data/j7U7YbHJpXMscchEUTTaiPaKTowDND3e/AhmedAdelWafdy7-2.txt
File created successfully: /tmp/aeld-data/j7U7YbHJpXMscchEUTTaiPaKTowDND3e/AhmedAdelWafdy7-3.txt
File created successfully: /tmp/aeld-data/j7U7YbHJpXMscchEUTTaiPaKTowDND3e/AhmedAdelWafdy7-4.txt
File created successfully: /tmp/aeld-data/j7U7YbHJpXMscchEUTTaiPaKTowDND3e/AhmedAdelWafdy7-5.txt
File created successfully: /tmp/aeld-data/j7U7YbHJpXMscchEUTTaiPaKTowDND3e/AhmedAdelWafdy7-6.txt
File created successfully: /tmp/aeld-data/j7U7YbHJpXMscchEUTTaiPaKTowDND3e/AhmedAdelWafdy7-7.txt
File created successfully: /tmp/aeld-data/j7U7YbHJpXMscchEUTTaiPaKTowDND3e/AhmedAdelWafdy7-8.txt
File created successfully: /tmp/aeld-data/j7U7YbHJpXMscchEUTTaiPaKTowDND3e/AhmedAdelWafdy7-9.txt
File created successfully: /tmp/aeld-data/j7U7YbHJpXMscchEUTTaiPaKTowDND3e/AhmedAdelWafdy7-10.txt
The number of files containing the search string 'AELD_IS_FUN' is: 10
The total number of matching lines found is: 10
success
Test of assignment assignment1 complete with success
Running test with user benwafdy
-- Generating ;/home/benwafdy/aesd-assignments/assignment-autotest/test/assignment1/Test_hello_Runner.c;/home/benwafdy/aesd-assignments/assignment-autotest/test/assignment1/Test_assignment_validate_Runner.c;/home/benwafdy/aesd-assignments/assignment-autotest/../student-test/assignment1/Test_validate_username_Runner.c from test/assignment1/Test_hello.c;test/assignment1/Test_assignment_validate.c;../student-test/assignment1/Test_validate_username.c
-- Building executable including ;/home/benwafdy/aesd-assignments/assignment-autotest/test/assignment1/Test_hello_Runner.c;/home/benwafdy/aesd-assignments/assignment-autotest/test/assignment1/Test_assignment_validate_Runner.c;/home/benwafdy/aesd-assignments/assignment-autotest/../student-test/assignment1/Test_validate_username_Runner.c test/assignment1/Test_hello.c;test/assignment1/Test_assignment_validate.c;../student-test/assignment1/Test_validate_username.c and ../examples/autotest-validate/autotest-validate.c
-- Configuring done
-- Generating done
-- Build files have been written to: /home/benwafdy/aesd-assignments/build
[  8%] Building C object assignment-autotest/Unity/src/CMakeFiles/unity.dir/unity.c.o
[ 16%] Linking C static library libunity.a
[ 16%] Built target unity
[ 25%] Generating ../../assignment-autotest/test/assignment1/Test_hello_Runner.c, ../../assignment-autotest/test/assignment1/Test_assignment_validate_Runner.c, ../../student-test/assignment1/Test_validate_username_Runner.c, ../../assignment-autotest/test/unity_runner.c
Test files for auto dependency generation test/assignment1/Test_hello.c test/assignment1/Test_assignment_validate.c ../student-test/assignment1/Test_validate_username.c
Autogenerating runner for test/assignment1/Test_hello.c
Autogenerating runner for test/assignment1/Test_assignment_validate.c
Autogenerating runner for ../student-test/assignment1/Test_validate_username.c
Autogenerating test/unity_runner.c
[ 33%] Building C object assignment-autotest/CMakeFiles/assignment-autotest.dir/test/assignment1/Test_hello.c.o
[ 41%] Building C object assignment-autotest/CMakeFiles/assignment-autotest.dir/test/assignment1/Test_assignment_validate.c.o
[ 50%] Building C object assignment-autotest/CMakeFiles/assignment-autotest.dir/__/student-test/assignment1/Test_validate_username.c.o
[ 58%] Building C object assignment-autotest/CMakeFiles/assignment-autotest.dir/test/assignment1/Test_hello_Runner.c.o
[ 66%] Building C object assignment-autotest/CMakeFiles/assignment-autotest.dir/test/assignment1/Test_assignment_validate_Runner.c.o
[ 75%] Building C object assignment-autotest/CMakeFiles/assignment-autotest.dir/__/student-test/assignment1/Test_validate_username_Runner.c.o
[ 83%] Building C object assignment-autotest/CMakeFiles/assignment-autotest.dir/__/examples/autotest-validate/autotest-validate.c.o
[ 91%] Building C object assignment-autotest/CMakeFiles/assignment-autotest.dir/test/unity_runner.c.o
[100%] Linking C executable assignment-autotest
[100%] Built target assignment-autotest
/home/benwafdy/aesd-assignments/assignment-autotest/test/assignment1/Test_hello.c:6:test_hello:INFO: Hello!  Your unity setup is working!
/home/benwafdy/aesd-assignments/assignment-autotest/test/assignment1/Test_hello.c:4:test_hello:PASS

-----------------------
1 Tests 0 Failures 0 Ignored 
OK
/home/benwafdy/aesd-assignments/assignment-autotest/test/assignment1/Test_assignment_validate.c:9:test_assignment_validate:PASS

-----------------------
1 Tests 0 Failures 0 Ignored 
OK
Read AhmedAdelWafdy7 from conf/username.txt
/home/benwafdy/aesd-assignments/assignment-autotest/../student-test/assignment1/Test_validate_username.c:15:test_validate_my_username:PASS

-----------------------
1 Tests 0 Failures 0 Ignored 
OK
Executing assignment test script
~/aesd-assignments/assignment-autotest/test/assignment1 ~/aesd-assignments
~/aesd-assignments/finder-app ~/aesd-assignments/assignment-autotest/test/assignment1 ~/aesd-assignments
Error: Both file path and string to write must be specified.
Error: Both file path and string to write must be specified.
Using default value AELD_IS_FUN for string to write
Using default value 10 for number of files to write
Writing 10 files containing string AELD_IS_FUN to /tmp/aeld-data
File created successfully: /tmp/aeld-data/AhmedAdelWafdy7-1.txt
File created successfully: /tmp/aeld-data/AhmedAdelWafdy7-2.txt
File created successfully: /tmp/aeld-data/AhmedAdelWafdy7-3.txt
File created successfully: /tmp/aeld-data/AhmedAdelWafdy7-4.txt
File created successfully: /tmp/aeld-data/AhmedAdelWafdy7-5.txt
File created successfully: /tmp/aeld-data/AhmedAdelWafdy7-6.txt
File created successfully: /tmp/aeld-data/AhmedAdelWafdy7-7.txt
File created successfully: /tmp/aeld-data/AhmedAdelWafdy7-8.txt
File created successfully: /tmp/aeld-data/AhmedAdelWafdy7-9.txt
File created successfully: /tmp/aeld-data/AhmedAdelWafdy7-10.txt
The number of files containing the search string 'AELD_IS_FUN' is: 10
The total number of matching lines found is: 10
success
Writing 10 files containing string AELD_IS_FUN to /tmp/aeld-data/aas4QX0mTLvugBWkOQNghju6efppvuUP
File created successfully: /tmp/aeld-data/aas4QX0mTLvugBWkOQNghju6efppvuUP/AhmedAdelWafdy7-1.txt
File created successfully: /tmp/aeld-data/aas4QX0mTLvugBWkOQNghju6efppvuUP/AhmedAdelWafdy7-2.txt
File created successfully: /tmp/aeld-data/aas4QX0mTLvugBWkOQNghju6efppvuUP/AhmedAdelWafdy7-3.txt
File created successfully: /tmp/aeld-data/aas4QX0mTLvugBWkOQNghju6efppvuUP/AhmedAdelWafdy7-4.txt
File created successfully: /tmp/aeld-data/aas4QX0mTLvugBWkOQNghju6efppvuUP/AhmedAdelWafdy7-5.txt
File created successfully: /tmp/aeld-data/aas4QX0mTLvugBWkOQNghju6efppvuUP/AhmedAdelWafdy7-6.txt
File created successfully: /tmp/aeld-data/aas4QX0mTLvugBWkOQNghju6efppvuUP/AhmedAdelWafdy7-7.txt
File created successfully: /tmp/aeld-data/aas4QX0mTLvugBWkOQNghju6efppvuUP/AhmedAdelWafdy7-8.txt
File created successfully: /tmp/aeld-data/aas4QX0mTLvugBWkOQNghju6efppvuUP/AhmedAdelWafdy7-9.txt
File created successfully: /tmp/aeld-data/aas4QX0mTLvugBWkOQNghju6efppvuUP/AhmedAdelWafdy7-10.txt
The number of files containing the search string 'AELD_IS_FUN' is: 10
The total number of matching lines found is: 10
success
Test of assignment assignment1 complete with success
Running test with user benwafdy
-- Generating ;/home/benwafdy/aesd-assignments/assignment-autotest/test/assignment1/Test_hello_Runner.c;/home/benwafdy/aesd-assignments/assignment-autotest/test/assignment1/Test_assignment_validate_Runner.c;/home/benwafdy/aesd-assignments/assignment-autotest/../student-test/assignment1/Test_validate_username_Runner.c from test/assignment1/Test_hello.c;test/assignment1/Test_assignment_validate.c;../student-test/assignment1/Test_validate_username.c
-- Building executable including ;/home/benwafdy/aesd-assignments/assignment-autotest/test/assignment1/Test_hello_Runner.c;/home/benwafdy/aesd-assignments/assignment-autotest/test/assignment1/Test_assignment_validate_Runner.c;/home/benwafdy/aesd-assignments/assignment-autotest/../student-test/assignment1/Test_validate_username_Runner.c test/assignment1/Test_hello.c;test/assignment1/Test_assignment_validate.c;../student-test/assignment1/Test_validate_username.c and ../examples/autotest-validate/autotest-validate.c
-- Configuring done
-- Generating done
-- Build files have been written to: /home/benwafdy/aesd-assignments/build
[  8%] Building C object assignment-autotest/Unity/src/CMakeFiles/unity.dir/unity.c.o
[ 16%] Linking C static library libunity.a
[ 16%] Built target unity
[ 25%] Generating ../../assignment-autotest/test/assignment1/Test_hello_Runner.c, ../../assignment-autotest/test/assignment1/Test_assignment_validate_Runner.c, ../../student-test/assignment1/Test_validate_username_Runner.c, ../../assignment-autotest/test/unity_runner.c
Test files for auto dependency generation test/assignment1/Test_hello.c test/assignment1/Test_assignment_validate.c ../student-test/assignment1/Test_validate_username.c
Autogenerating runner for test/assignment1/Test_hello.c
Autogenerating runner for test/assignment1/Test_assignment_validate.c
Autogenerating runner for ../student-test/assignment1/Test_validate_username.c
Autogenerating test/unity_runner.c
[ 33%] Building C object assignment-autotest/CMakeFiles/assignment-autotest.dir/test/assignment1/Test_hello.c.o
[ 41%] Building C object assignment-autotest/CMakeFiles/assignment-autotest.dir/test/assignment1/Test_assignment_validate.c.o
[ 50%] Building C object assignment-autotest/CMakeFiles/assignment-autotest.dir/__/student-test/assignment1/Test_validate_username.c.o
[ 58%] Building C object assignment-autotest/CMakeFiles/assignment-autotest.dir/test/assignment1/Test_hello_Runner.c.o
[ 66%] Building C object assignment-autotest/CMakeFiles/assignment-autotest.dir/test/assignment1/Test_assignment_validate_Runner.c.o
[ 75%] Building C object assignment-autotest/CMakeFiles/assignment-autotest.dir/__/student-test/assignment1/Test_validate_username_Runner.c.o
[ 83%] Building C object assignment-autotest/CMakeFiles/assignment-autotest.dir/__/examples/autotest-validate/autotest-validate.c.o
[ 91%] Building C object assignment-autotest/CMakeFiles/assignment-autotest.dir/test/unity_runner.c.o
[100%] Linking C executable assignment-autotest
[100%] Built target assignment-autotest
/home/benwafdy/aesd-assignments/assignment-autotest/test/assignment1/Test_hello.c:6:test_hello:INFO: Hello!  Your unity setup is working!
/home/benwafdy/aesd-assignments/assignment-autotest/test/assignment1/Test_hello.c:4:test_hello:PASS

-----------------------
1 Tests 0 Failures 0 Ignored 
OK
/home/benwafdy/aesd-assignments/assignment-autotest/test/assignment1/Test_assignment_validate.c:9:test_assignment_validate:PASS

-----------------------
1 Tests 0 Failures 0 Ignored 
OK
Read AhmedAdelWafdy7 from conf/username.txt
/home/benwafdy/aesd-assignments/assignment-autotest/../student-test/assignment1/Test_validate_username.c:15:test_validate_my_username:PASS

-----------------------
1 Tests 0 Failures 0 Ignored 
OK
Executing assignment test script
~/aesd-assignments/assignment-autotest/test/assignment1 ~/aesd-assignments
~/aesd-assignments/finder-app ~/aesd-assignments/assignment-autotest/test/assignment1 ~/aesd-assignments
Error: Both file path and string to write must be specified.
Error: Both file path and string to write must be specified.
Using default value AELD_IS_FUN for string to write
Using default value 10 for number of files to write
Writing 10 files containing string AELD_IS_FUN to /tmp/aeld-data
File created successfully: /tmp/aeld-data/AhmedAdelWafdy7-1.txt
File created successfully: /tmp/aeld-data/AhmedAdelWafdy7-2.txt
File created successfully: /tmp/aeld-data/AhmedAdelWafdy7-3.txt
File created successfully: /tmp/aeld-data/AhmedAdelWafdy7-4.txt
File created successfully: /tmp/aeld-data/AhmedAdelWafdy7-5.txt
File created successfully: /tmp/aeld-data/AhmedAdelWafdy7-6.txt
File created successfully: /tmp/aeld-data/AhmedAdelWafdy7-7.txt
File created successfully: /tmp/aeld-data/AhmedAdelWafdy7-8.txt
File created successfully: /tmp/aeld-data/AhmedAdelWafdy7-9.txt
File created successfully: /tmp/aeld-data/AhmedAdelWafdy7-10.txt
The number of files containing the search string 'AELD_IS_FUN' is: 10
The total number of matching lines found is: 10
success
Writing 10 files containing string AELD_IS_FUN to /tmp/aeld-data/JVizRNlPHHc1whHC8yY9iCPt5RFOIM7w
File created successfully: /tmp/aeld-data/JVizRNlPHHc1whHC8yY9iCPt5RFOIM7w/AhmedAdelWafdy7-1.txt
File created successfully: /tmp/aeld-data/JVizRNlPHHc1whHC8yY9iCPt5RFOIM7w/AhmedAdelWafdy7-2.txt
File created successfully: /tmp/aeld-data/JVizRNlPHHc1whHC8yY9iCPt5RFOIM7w/AhmedAdelWafdy7-3.txt
File created successfully: /tmp/aeld-data/JVizRNlPHHc1whHC8yY9iCPt5RFOIM7w/AhmedAdelWafdy7-4.txt
File created successfully: /tmp/aeld-data/JVizRNlPHHc1whHC8yY9iCPt5RFOIM7w/AhmedAdelWafdy7-5.txt
File created successfully: /tmp/aeld-data/JVizRNlPHHc1whHC8yY9iCPt5RFOIM7w/AhmedAdelWafdy7-6.txt
File created successfully: /tmp/aeld-data/JVizRNlPHHc1whHC8yY9iCPt5RFOIM7w/AhmedAdelWafdy7-7.txt
File created successfully: /tmp/aeld-data/JVizRNlPHHc1whHC8yY9iCPt5RFOIM7w/AhmedAdelWafdy7-8.txt
File created successfully: /tmp/aeld-data/JVizRNlPHHc1whHC8yY9iCPt5RFOIM7w/AhmedAdelWafdy7-9.txt
File created successfully: /tmp/aeld-data/JVizRNlPHHc1whHC8yY9iCPt5RFOIM7w/AhmedAdelWafdy7-10.txt
The number of files containing the search string 'AELD_IS_FUN' is: 10
The total number of matching lines found is: 10
success
Test of assignment assignment1 complete with success
Running test with user benwafdy
-- Generating ;/home/benwafdy/aesd-assignments/assignment-autotest/test/assignment1/Test_hello_Runner.c;/home/benwafdy/aesd-assignments/assignment-autotest/test/assignment1/Test_assignment_validate_Runner.c;/home/benwafdy/aesd-assignments/assignment-autotest/../student-test/assignment1/Test_validate_username_Runner.c from test/assignment1/Test_hello.c;test/assignment1/Test_assignment_validate.c;../student-test/assignment1/Test_validate_username.c
-- Building executable including ;/home/benwafdy/aesd-assignments/assignment-autotest/test/assignment1/Test_hello_Runner.c;/home/benwafdy/aesd-assignments/assignment-autotest/test/assignment1/Test_assignment_validate_Runner.c;/home/benwafdy/aesd-assignments/assignment-autotest/../student-test/assignment1/Test_validate_username_Runner.c test/assignment1/Test_hello.c;test/assignment1/Test_assignment_validate.c;../student-test/assignment1/Test_validate_username.c and ../examples/autotest-validate/autotest-validate.c
-- Configuring done
-- Generating done
-- Build files have been written to: /home/benwafdy/aesd-assignments/build
[  8%] Building C object assignment-autotest/Unity/src/CMakeFiles/unity.dir/unity.c.o
[ 16%] Linking C static library libunity.a
[ 16%] Built target unity
[ 25%] Generating ../../assignment-autotest/test/assignment1/Test_hello_Runner.c, ../../assignment-autotest/test/assignment1/Test_assignment_validate_Runner.c, ../../student-test/assignment1/Test_validate_username_Runner.c, ../../assignment-autotest/test/unity_runner.c
Test files for auto dependency generation test/assignment1/Test_hello.c test/assignment1/Test_assignment_validate.c ../student-test/assignment1/Test_validate_username.c
Autogenerating runner for test/assignment1/Test_hello.c
Autogenerating runner for test/assignment1/Test_assignment_validate.c
Autogenerating runner for ../student-test/assignment1/Test_validate_username.c
Autogenerating test/unity_runner.c
[ 33%] Building C object assignment-autotest/CMakeFiles/assignment-autotest.dir/test/assignment1/Test_hello.c.o
[ 41%] Building C object assignment-autotest/CMakeFiles/assignment-autotest.dir/test/assignment1/Test_assignment_validate.c.o
[ 50%] Building C object assignment-autotest/CMakeFiles/assignment-autotest.dir/__/student-test/assignment1/Test_validate_username.c.o
[ 58%] Building C object assignment-autotest/CMakeFiles/assignment-autotest.dir/test/assignment1/Test_hello_Runner.c.o
[ 66%] Building C object assignment-autotest/CMakeFiles/assignment-autotest.dir/test/assignment1/Test_assignment_validate_Runner.c.o
[ 75%] Building C object assignment-autotest/CMakeFiles/assignment-autotest.dir/__/student-test/assignment1/Test_validate_username_Runner.c.o
[ 83%] Building C object assignment-autotest/CMakeFiles/assignment-autotest.dir/__/examples/autotest-validate/autotest-validate.c.o
[ 91%] Building C object assignment-autotest/CMakeFiles/assignment-autotest.dir/test/unity_runner.c.o
[100%] Linking C executable assignment-autotest
[100%] Built target assignment-autotest
/home/benwafdy/aesd-assignments/assignment-autotest/test/assignment1/Test_hello.c:6:test_hello:INFO: Hello!  Your unity setup is working!
/home/benwafdy/aesd-assignments/assignment-autotest/test/assignment1/Test_hello.c:4:test_hello:PASS

-----------------------
1 Tests 0 Failures 0 Ignored 
OK
/home/benwafdy/aesd-assignments/assignment-autotest/test/assignment1/Test_assignment_validate.c:9:test_assignment_validate:PASS

-----------------------
1 Tests 0 Failures 0 Ignored 
OK
Read AhmedAdelWafdy7 from conf/username.txt
/home/benwafdy/aesd-assignments/assignment-autotest/../student-test/assignment1/Test_validate_username.c:15:test_validate_my_username:PASS

-----------------------
1 Tests 0 Failures 0 Ignored 
OK
Executing assignment test script
~/aesd-assignments/assignment-autotest/test/assignment1 ~/aesd-assignments
~/aesd-assignments/finder-app ~/aesd-assignments/assignment-autotest/test/assignment1 ~/aesd-assignments
Error: Both file path and string to write must be specified.
Error: Both file path and string to write must be specified.
Using default value AELD_IS_FUN for string to write
Using default value 10 for number of files to write
Writing 10 files containing string AELD_IS_FUN to /tmp/aeld-data
File created successfully: /tmp/aeld-data/AhmedAdelWafdy7-1.txt
File created successfully: /tmp/aeld-data/AhmedAdelWafdy7-2.txt
File created successfully: /tmp/aeld-data/AhmedAdelWafdy7-3.txt
File created successfully: /tmp/aeld-data/AhmedAdelWafdy7-4.txt
File created successfully: /tmp/aeld-data/AhmedAdelWafdy7-5.txt
File created successfully: /tmp/aeld-data/AhmedAdelWafdy7-6.txt
File created successfully: /tmp/aeld-data/AhmedAdelWafdy7-7.txt
File created successfully: /tmp/aeld-data/AhmedAdelWafdy7-8.txt
File created successfully: /tmp/aeld-data/AhmedAdelWafdy7-9.txt
File created successfully: /tmp/aeld-data/AhmedAdelWafdy7-10.txt
The number of files containing the search string 'AELD_IS_FUN' is: 10
The total number of matching lines found is: 10
success
Writing 10 files containing string AELD_IS_FUN to /tmp/aeld-data/AHmkm3ZKxhQlc2xbRdootRVCHBYwRPGm
File created successfully: /tmp/aeld-data/AHmkm3ZKxhQlc2xbRdootRVCHBYwRPGm/AhmedAdelWafdy7-1.txt
File created successfully: /tmp/aeld-data/AHmkm3ZKxhQlc2xbRdootRVCHBYwRPGm/AhmedAdelWafdy7-2.txt
File created successfully: /tmp/aeld-data/AHmkm3ZKxhQlc2xbRdootRVCHBYwRPGm/AhmedAdelWafdy7-3.txt
File created successfully: /tmp/aeld-data/AHmkm3ZKxhQlc2xbRdootRVCHBYwRPGm/AhmedAdelWafdy7-4.txt
File created successfully: /tmp/aeld-data/AHmkm3ZKxhQlc2xbRdootRVCHBYwRPGm/AhmedAdelWafdy7-5.txt
File created successfully: /tmp/aeld-data/AHmkm3ZKxhQlc2xbRdootRVCHBYwRPGm/AhmedAdelWafdy7-6.txt
File created successfully: /tmp/aeld-data/AHmkm3ZKxhQlc2xbRdootRVCHBYwRPGm/AhmedAdelWafdy7-7.txt
File created successfully: /tmp/aeld-data/AHmkm3ZKxhQlc2xbRdootRVCHBYwRPGm/AhmedAdelWafdy7-8.txt
File created successfully: /tmp/aeld-data/AHmkm3ZKxhQlc2xbRdootRVCHBYwRPGm/AhmedAdelWafdy7-9.txt
File created successfully: /tmp/aeld-data/AHmkm3ZKxhQlc2xbRdootRVCHBYwRPGm/AhmedAdelWafdy7-10.txt
The number of files containing the search string 'AELD_IS_FUN' is: 10
The total number of matching lines found is: 10
success
Test of assignment assignment1 complete with success
